[INFO ] [2023-01-12 16:03:15,123] X5N7MA
[INFO ] [2023-01-12 16:04:31,717] PSCQFZ
[INFO ] [2023-01-12 16:05:29,879] P5PKFZ
[INFO ] [2023-01-12 16:06:25,530] 8SQJF8
[INFO ] [2023-01-12 16:07:23,903] CQM9PA
[INFO ] [2023-01-12 16:08:09,974] HKS982
[INFO ] [2023-01-12 16:09:51,627] 9HHDJE
[INFO ] [2023-01-12 16:10:44,082] HVX896
[INFO ] [2023-01-12 16:16:47,626] J6PCPP
[INFO ] [2023-01-12 16:17:45,854] 7YYC7Y
[INFO ] [2023-01-12 16:18:27,646] 5HN2HH
[INFO ] [2023-01-12 16:21:46,438] 229M9Z
[INFO ] [2023-01-12 16:22:23,214] YRY59P
[INFO ] [2023-01-12 16:23:15,913] EQAHKW
[INFO ] [2023-01-12 16:24:23,439] 3CHP8M
[INFO ] [2023-01-12 16:25:28,140] QRRN88
[INFO ] [2023-01-12 16:26:25,986] KS9S6D
[INFO ] [2023-01-12 16:27:27,756] ARUPCK
[INFO ] [2023-01-12 16:28:13,728] BFAT6Q
[INFO ] [2023-01-12 16:29:15,821] 3FYY94
[INFO ] [2023-01-12 16:30:11,838] EKF3B2
[INFO ] [2023-01-12 16:33:15,154] D3TCGP
[INFO ] [2023-01-12 16:40:04,600] FTQRFT
[INFO ] [2023-01-12 16:40:40,786] QVNEUX
[INFO ] [2023-01-12 16:41:35,727] BXY2QJ
[INFO ] [2023-01-12 16:42:21,725] 3NS7QD
[INFO ] [2023-01-12 16:43:00,926] WJB2KQ
[INFO ] [2023-01-12 16:43:58,443] 5589CV
[INFO ] [2023-01-12 16:46:32,551] CBH8JX
[INFO ] [2023-01-12 16:47:33,554] KV83K6
[INFO ] [2023-01-12 16:48:34,081] 2VMPAC
[INFO ] [2023-01-12 16:49:26,398] SZ853U
[INFO ] [2023-01-12 16:54:23,986] BR53AV
[INFO ] [2023-01-12 16:55:16,897] 6DATXD
[INFO ] [2023-01-12 16:56:35,501] Q65Q8Z
[INFO ] [2023-01-12 16:57:16,558] 8RAMCZ
[INFO ] [2023-01-12 17:01:29,719] 5BM44J
[INFO ] [2023-01-12 17:08:28,135] 7D4PWP
[INFO ] [2023-01-12 17:09:06,595] VX85YC
[INFO ] [2023-01-12 17:11:32,905] CMHFWA
[INFO ] [2023-01-12 17:12:34,450] 6G3N88
[INFO ] [2023-01-12 17:18:45,858] GZZMPP
[INFO ] [2023-01-12 17:19:36,413] YACWTY
[INFO ] [2023-01-12 17:20:25,108] VKHYFD
[INFO ] [2023-01-12 17:21:26,799] DMCMJT
[INFO ] [2023-01-12 17:22:11,420] BBNHU2
[INFO ] [2023-01-12 17:26:23,290] ZQ7S9R
[INFO ] [2023-01-12 17:27:42,922] NPHH6P
[INFO ] [2023-01-12 17:28:36,883] AZET7P
[INFO ] [2023-01-12 17:29:40,626] Z85AEG
[INFO ] [2023-01-12 17:32:52,234] 2EGZWS
[INFO ] [2023-01-12 17:33:49,121] E8ZB5Q
[INFO ] [2023-01-12 17:37:25,735] NCB252
[INFO ] [2023-01-12 17:38:11,018] T7XP33
[INFO ] [2023-01-12 17:39:12,690] B4P58W
[INFO ] [2023-01-12 17:40:26,137] YQYW6T
[INFO ] [2023-01-12 17:42:54,685] 9G5U3Y
[INFO ] [2023-01-12 17:44:10,529] 9NFKCF
[INFO ] [2023-01-12 17:45:10,896] 9KWK6U
[INFO ] [2023-01-12 17:48:23,435] Z2CDHZ
[INFO ] [2023-01-12 17:49:04,462] V9YTKF
[INFO ] [2023-01-12 17:51:35,620] 3ZJQVR
[INFO ] [2023-01-12 17:52:24,885] VBU2PF
[INFO ] [2023-01-12 17:53:10,847] V6KPC6
[INFO ] [2023-01-12 17:56:32,681] DF289R
[INFO ] [2023-01-12 17:57:25,417] HFG6QV
[INFO ] [2023-01-12 18:00:23,558] QSXHG7
[INFO ] [2023-01-12 18:01:27,598] YNWUNV
[INFO ] [2023-01-12 18:02:19,198] CEEFBP
[INFO ] [2023-01-12 18:03:05,914] VMYZKP
[INFO ] [2023-01-12 18:07:27,900] USBN8G
[INFO ] [2023-01-12 18:08:33,900] 34HYRH
[INFO ] [2023-01-12 18:09:10,222] UKTM9Q
[INFO ] [2023-01-12 18:09:47,534] V525NS
[INFO ] [2023-01-12 18:10:24,666] 9EY9JA
[INFO ] [2023-01-12 18:11:29,108] 3ABRYD
[INFO ] [2023-01-12 18:12:20,763] DBFZ2W
[INFO ] [2023-01-12 18:13:06,989] 65H9DC
[INFO ] [2023-01-12 18:13:44,082] 959E3G
[INFO ] [2023-01-12 18:14:26,947] NT2UKX
[INFO ] [2023-01-12 18:15:11,651] MQYA4J
[INFO ] [2023-01-12 18:17:36,259] JPB4BG
[INFO ] [2023-01-12 18:19:16,064] G5V5Y8
[INFO ] [2023-01-12 18:20:32,247] KFRTRV
[INFO ] [2023-01-12 18:21:37,850] VCFP3B
[INFO ] [2023-01-12 18:22:24,021] NW8UES
[INFO ] [2023-01-12 18:23:51,279] SBBGRP
[INFO ] [2023-01-12 18:24:32,594] 72TMC5
[INFO ] [2023-01-12 18:27:18,873] QSW9S9
[INFO ] [2023-01-12 18:27:59,747] 7HMSXE
[INFO ] [2023-01-12 18:28:49,449] G32NS4
[INFO ] [2023-01-12 18:29:24,204] 8K29KZ
[INFO ] [2023-01-12 18:33:29,543] TM4GT7
[INFO ] [2023-01-12 18:34:20,679] CEJR2Y
[INFO ] [2023-01-12 18:38:28,020] XQYVQG
[INFO ] [2023-01-12 18:39:20,781] R2BXRZ
[INFO ] [2023-01-12 18:41:40,353] KGUXVE
[INFO ] [2023-01-12 18:49:16,987] G2V883
[INFO ] [2023-01-12 18:54:28,614] ERTCQM
[INFO ] [2023-01-12 18:57:10,810] W9HH9W
[INFO ] [2023-01-12 19:01:38,029] T7W52X
[INFO ] [2023-01-12 19:02:32,624] ZQPEJ3
[INFO ] [2023-01-12 19:03:15,985] NCWE88
[INFO ] [2023-01-12 19:03:52,596] BJXM8P
[INFO ] [2023-01-12 19:06:30,795] DFD9PT
[INFO ] [2023-01-12 19:07:26,231] VSVMGP
[INFO ] [2023-01-12 19:08:26,971] P65APN
[INFO ] [2023-01-12 19:09:16,421] 4ZR4R8
[INFO ] [2023-01-12 19:12:01,894] P4J4GV
[INFO ] [2023-01-12 19:14:28,312] 3X49YR
[INFO ] [2023-01-12 19:15:17,008] 55JT4G
[INFO ] [2023-01-12 19:18:12,056] 7U8287
[INFO ] [2023-01-12 19:19:04,537] RMNAS9
[INFO ] [2023-01-12 19:19:46,911] TF5R2M
[INFO ] [2023-01-12 19:22:25,791] VCA6QK
[INFO ] [2023-01-12 19:25:37,497] 573S54
[INFO ] [2023-01-12 19:28:10,652] 2DZDYP
[INFO ] [2023-01-12 19:28:58,951] TQ4KK2
[INFO ] [2023-01-12 19:33:07,333] WRY64M
[INFO ] [2023-01-12 19:36:00,555] Z7EYAN
[INFO ] [2023-01-12 19:36:37,620] YW6QHA
[INFO ] [2023-01-12 19:40:35,301] WJE4UM
[INFO ] [2023-01-12 19:42:36,702] Y5SEEK
[INFO ] [2023-01-12 19:43:27,332] CMBRKA
[INFO ] [2023-01-12 19:44:22,230] 2BZGA7
[INFO ] [2023-01-12 19:46:52,867] 27N2KQ
[INFO ] [2023-01-12 19:47:37,893] 3NY9K3
[INFO ] [2023-01-12 19:48:36,642] K5JS5A
[INFO ] [2023-01-12 19:49:27,015] 8GD35F
[INFO ] [2023-01-12 19:50:27,066] V4S8K4
[INFO ] [2023-01-12 19:54:27,992] J8HACK
[INFO ] [2023-01-12 19:57:09,640] BG8GUG
[INFO ] [2023-01-12 19:58:07,103] 3XGMZS
[INFO ] [2023-01-12 19:58:49,624] CNJCBR
[INFO ] [2023-01-12 20:00:02,652] MPMUPD
[INFO ] [2023-01-12 20:02:56,741] G7J3H4
[INFO ] [2023-01-12 20:05:24,511] RFDCAZ
[INFO ] [2023-01-12 20:09:20,018] DK2PFV
[INFO ] [2023-01-12 20:09:59,988] KEKSJR
[INFO ] [2023-01-12 20:10:39,402] V5UH6U
[INFO ] [2023-01-12 20:11:24,023] CCC273
[INFO ] [2023-01-12 20:12:17,660] ZHTJ6F
[INFO ] [2023-01-12 20:13:31,920] P9R35G
[INFO ] [2023-01-12 20:14:31,498] 2KBVJB
[INFO ] [2023-01-12 20:15:18,866] EU7U39
[INFO ] [2023-01-12 20:16:25,862] EAYXGR
[INFO ] [2023-01-12 20:17:24,274] A5T4V8
[INFO ] [2023-01-12 20:20:23,214] 3ZXNGY
[INFO ] [2023-01-12 20:21:09,270] FP7DCM
[INFO ] [2023-01-12 20:23:00,835] DEFRBC
[INFO ] [2023-01-12 20:26:26,007] B8YHF6
[INFO ] [2023-01-12 20:28:50,973] 6PPW78
[INFO ] [2023-01-12 20:31:26,708] GS3MEC
[INFO ] [2023-01-12 20:32:27,230] 9GA3U5
[INFO ] [2023-01-12 20:33:29,185] NYWBYC
[INFO ] [2023-01-12 20:34:22,673] K47V6B
[INFO ] [2023-01-12 20:38:44,040] KWFPCJ
[INFO ] [2023-01-12 20:42:35,808] U5KN6N
[INFO ] [2023-01-12 20:43:33,629] K6XHFG
[INFO ] [2023-01-12 20:45:32,740] WMQS6N
[INFO ] [2023-01-12 20:47:32,026] FDXMF2
[INFO ] [2023-01-12 20:48:19,271] 274FP5
[INFO ] [2023-01-12 20:49:08,959] KPU6FD
[INFO ] [2023-01-12 20:50:29,568] T4R77U
[INFO ] [2023-01-12 20:54:14,856] NHUF3K
[INFO ] [2023-01-12 20:57:04,259] T8WTBT
[INFO ] [2023-01-12 20:58:09,504] 4ZHHQ7
[INFO ] [2023-01-12 20:59:10,968] YS595A
[INFO ] [2023-01-12 20:59:47,030] EC8PA6
[INFO ] [2023-01-12 21:00:50,155] 5VPSBA
[INFO ] [2023-01-12 21:03:31,411] 2NWQH6
[INFO ] [2023-01-12 21:04:17,198] TPDM4H
[INFO ] [2023-01-12 21:05:24,389] HSX2AY
[INFO ] [2023-01-12 21:06:27,132] C42T8M
[INFO ] [2023-01-12 21:07:31,366] YPFCEC
[INFO ] [2023-01-12 21:08:45,697] 745TFX
[INFO ] [2023-01-12 21:10:09,173] 68R8VQ
[INFO ] [2023-01-12 21:11:13,065] Z93F6J
[INFO ] [2023-01-12 21:12:11,322] DEWFSJ
[INFO ] [2023-01-12 21:12:45,976] 764T6K
[INFO ] [2023-01-12 21:18:18,909] F3GKW2
[INFO ] [2023-01-12 21:18:56,067] JYC2P3
[INFO ] [2023-01-12 21:21:18,370] EXNPCA
[INFO ] [2023-01-12 21:22:26,195] UJ2S8C
[INFO ] [2023-01-12 21:23:12,648] UXHFQX
[INFO ] [2023-01-12 21:26:13,718] 3HZXW7
[INFO ] [2023-01-12 21:27:14,159] HC4QK6
[INFO ] [2023-01-12 21:29:13,686] SPG57G
[INFO ] [2023-01-12 21:33:15,006] 3CWP2P
[INFO ] [2023-01-12 21:35:13,797] E7ZAZW
[INFO ] [2023-01-12 21:38:41,292] H4BZBT
[INFO ] [2023-01-12 21:39:34,806] HX7Z7T
[INFO ] [2023-01-12 21:43:28,185] U7EVGW
[INFO ] [2023-01-12 21:44:19,045] M8PPYG
[INFO ] [2023-01-12 21:46:27,220] AATZ2Y
[INFO ] [2023-01-12 21:47:22,528] 7XKVWR
[INFO ] [2023-01-12 21:48:06,468] DWGCFH
[INFO ] [2023-01-12 21:49:09,951] EWQ8H9
[INFO ] [2023-01-12 21:50:12,114] MMDFKY
[INFO ] [2023-01-12 21:55:19,006] HN2H42
[INFO ] [2023-01-12 21:57:46,966] BTTF6F
[INFO ] [2023-01-12 22:00:26,720] G665SW
[INFO ] [2023-01-12 22:01:16,529] UFBEAW
[INFO ] [2023-01-12 22:07:15,239] USXE78
[INFO ] [2023-01-12 22:08:42,935] EZBAJ3
[INFO ] [2023-01-12 22:12:23,764] 9XGKUH
[INFO ] [2023-01-12 22:17:57,422] YBEGMC
[INFO ] [2023-01-12 22:18:48,608] 3JCQT4
[INFO ] [2023-01-12 22:22:46,389] X2B26E
[INFO ] [2023-01-12 22:23:46,309] D7CSJE
[INFO ] [2023-01-12 22:24:21,973] 6YZEQE
[INFO ] [2023-01-12 22:26:53,028] RVHA97
[INFO ] [2023-01-12 22:27:34,161] WWCZV7
[INFO ] [2023-01-12 22:28:22,679] WQR5SC
[INFO ] [2023-01-12 22:29:26,640] V2VQUN
[INFO ] [2023-01-12 22:30:06,264] HRGF3N
[INFO ] [2023-01-12 22:31:09,884] VATNKK
[INFO ] [2023-01-12 22:33:16,296] 3SE2DK
[INFO ] [2023-01-12 22:34:09,705] FZMM47
[INFO ] [2023-01-12 22:36:51,534] Z8HCWV
[INFO ] [2023-01-12 22:39:27,861] 4867U6
[INFO ] [2023-01-12 22:42:14,810] KMW6N6
[INFO ] [2023-01-12 22:44:42,248] T8RM85
[INFO ] [2023-01-12 22:47:38,411] EAJ4GC
[INFO ] [2023-01-12 22:49:30,552] 4F3BVD
[INFO ] [2023-01-12 22:59:58,024] Y95CX2
[INFO ] [2023-01-12 23:00:46,792] 6RJVR7
[INFO ] [2023-01-12 23:01:56,609] 68PY76
[INFO ] [2023-01-12 23:02:58,424] 29SBWY
[INFO ] [2023-01-12 23:03:59,968] KF96AA
[INFO ] [2023-01-12 23:06:22,270] 65CBF8
[INFO ] [2023-01-12 23:07:25,456] BZ2Z33
[INFO ] [2023-01-12 23:08:41,234] T52MY5
[INFO ] [2023-01-12 23:09:27,394] 47JXB7
[INFO ] [2023-01-12 23:13:24,758] QGAGSR
[INFO ] [2023-01-12 23:14:23,372] 5RP9H6
[INFO ] [2023-01-12 23:15:18,633] 8FEB5Q
[INFO ] [2023-01-12 23:16:20,680] GU5T5V
[INFO ] [2023-01-12 23:19:01,533] KCX7V7
[INFO ] [2023-01-12 23:19:37,148] 49PC8Z
[INFO ] [2023-01-12 23:24:19,658] 3KYWRD
[INFO ] [2023-01-12 23:26:23,561] BKP49S
[INFO ] [2023-01-12 23:27:27,155] Z4R5BD
[INFO ] [2023-01-12 23:29:44,308] N234BZ
[INFO ] [2023-01-12 23:30:20,087] 2XJJ2P
[INFO ] [2023-01-12 23:31:27,062] UPK7XE
[INFO ] [2023-01-12 23:32:14,174] VUBMUW
[INFO ] [2023-01-12 23:37:11,229] 4AS8DD
[INFO ] [2023-01-12 23:42:12,418] 2RB64B
[INFO ] [2023-01-12 23:44:36,367] 36UF5V
[INFO ] [2023-01-12 23:45:19,541] E9G9WX
[INFO ] [2023-01-12 23:47:24,034] SYXZ7S
[INFO ] [2023-01-12 23:48:36,618] 9RT3JX
[INFO ] [2023-01-12 23:49:15,431] 6973SW
[INFO ] [2023-01-12 23:50:07,954] BWASBW
[INFO ] [2023-01-12 23:52:16,898] U3EH98
[INFO ] [2023-01-12 23:54:43,310] PNFM29
[INFO ] [2023-01-13 00:03:58,977] Y7Q25K
[INFO ] [2023-01-13 00:05:00,843] YGJCYA
[INFO ] [2023-01-13 00:05:38,443] 3GQ3YA
[INFO ] [2023-01-13 00:08:32,148] G7JWPW
[INFO ] [2023-01-13 00:09:12,169] NSCSX3
[INFO ] [2023-01-13 00:10:11,019] TE9RNQ
[INFO ] [2023-01-13 00:11:31,166] MJUNAX
[INFO ] [2023-01-13 00:12:29,270] C4G6JN
[INFO ] [2023-01-13 00:16:36,141] HCRR2Y
[INFO ] [2023-01-13 00:17:57,287] FVE6J9
[INFO ] [2023-01-13 00:18:31,998] 6J84PS
[INFO ] [2023-01-13 00:20:38,751] 9SA74Q
[INFO ] [2023-01-13 00:21:26,500] AHE6RQ
[INFO ] [2023-01-13 00:22:14,430] 6SMZS4
[INFO ] [2023-01-13 00:23:17,889] R9TJ2D
[INFO ] [2023-01-13 00:27:34,477] ZBQCDH
[INFO ] [2023-01-13 00:29:49,238] S7T2P2
[INFO ] [2023-01-13 00:32:39,243] VU2PNR
[INFO ] [2023-01-13 00:33:55,335] N45NHX
[INFO ] [2023-01-13 00:34:35,752] QRDCMU
[INFO ] [2023-01-13 00:35:12,144] HFDSJ7
[INFO ] [2023-01-13 00:39:17,665] 96ENAN
[INFO ] [2023-01-13 00:40:08,371] AP96SF
[INFO ] [2023-01-13 00:43:07,643] QWFVEZ
[INFO ] [2023-01-13 00:47:17,849] 8ZCY2H
[INFO ] [2023-01-13 00:48:16,597] JNM78E
[INFO ] [2023-01-13 00:48:54,942] BG36AN
[INFO ] [2023-01-13 00:52:27,490] 2XN62V
[INFO ] [2023-01-13 00:58:18,938] AUAA2H
[INFO ] [2023-01-13 01:00:39,903] FBPKSB
[INFO ] [2023-01-13 01:02:07,778] JJDC57
[INFO ] [2023-01-13 01:03:02,264] GE23AH
[INFO ] [2023-01-13 01:03:44,815] TYPU22
[INFO ] [2023-01-13 01:04:19,785] KWCZXP
[INFO ] [2023-01-13 01:06:54,378] G4CPTD
[INFO ] [2023-01-13 01:09:29,855] UP7UK3
[INFO ] [2023-01-13 01:10:10,588] 8TMSPC
[INFO ] [2023-01-13 01:12:11,528] 2W2WEK
[INFO ] [2023-01-13 01:13:09,544] 2FNAAU
[INFO ] [2023-01-13 01:13:46,975] Z6Y8NX
[INFO ] [2023-01-13 01:19:15,695] XRPFSE
[INFO ] [2023-01-13 01:20:05,905] GX3NFF
[INFO ] [2023-01-13 01:22:32,227] SU3RCW
[INFO ] [2023-01-13 01:23:11,581] BH9N7H
[INFO ] [2023-01-13 01:24:13,827] 5R95XS
[INFO ] [2023-01-13 01:26:47,497] 9CF5ZR
[INFO ] [2023-01-13 01:28:11,334] C827JA
[INFO ] [2023-01-13 01:29:11,428] CKGWRB
[INFO ] [2023-01-13 01:35:06,250] T55CKE
[INFO ] [2023-01-13 01:36:09,869] XETC7T
[INFO ] [2023-01-13 01:36:53,847] GYT7MY
[INFO ] [2023-01-13 01:37:48,477] 38ZM33
[INFO ] [2023-01-13 01:38:30,728] 3EKT2G
[INFO ] [2023-01-13 01:39:10,610] 4A6EN2
[INFO ] [2023-01-13 01:40:15,334] YDZ7CJ
[INFO ] [2023-01-13 01:40:53,781] GNBTZJ
[INFO ] [2023-01-13 01:43:20,577] WQRU6A
[INFO ] [2023-01-13 01:44:07,301] 76EQ4H
[INFO ] [2023-01-13 01:44:48,850] 2ACSJ4
[INFO ] [2023-01-13 01:48:42,430] 8DKTXT
[INFO ] [2023-01-13 01:49:57,134] WBVUDZ
[INFO ] [2023-01-13 01:52:12,242] YY459B
[INFO ] [2023-01-13 01:53:05,987] V7VJTC
[INFO ] [2023-01-13 01:53:41,536] N82UEA
[INFO ] [2023-01-13 01:54:46,372] BV5GV4
[INFO ] [2023-01-13 01:57:03,945] AG5948
[INFO ] [2023-01-13 01:57:51,233] B3Z7AD
[INFO ] [2023-01-13 01:58:27,046] M8KCEF
[INFO ] [2023-01-13 01:59:34,843] ABHCJ3
[INFO ] [2023-01-13 02:01:55,951] MDAWMH
[INFO ] [2023-01-13 02:04:08,213] D8W9PX
[INFO ] [2023-01-13 02:06:29,018] 3FTZSB
[INFO ] [2023-01-13 02:12:58,818] 356DAZ
[INFO ] [2023-01-13 02:13:38,122] 2JB8SY
[INFO ] [2023-01-13 02:14:31,319] Z72H2Z
[INFO ] [2023-01-13 02:16:48,951] P8EG5Y
[INFO ] [2023-01-13 02:18:18,922] ZNWH64
[INFO ] [2023-01-13 02:20:25,651] YWKFGF
[INFO ] [2023-01-13 02:24:36,015] DDHPB6
[INFO ] [2023-01-13 02:27:02,684] YE2K7A
[INFO ] [2023-01-13 02:29:32,314] 8FZFR3
[INFO ] [2023-01-13 02:32:01,395] 2KAZJT
[INFO ] [2023-01-13 02:33:11,787] TRU3P5
[INFO ] [2023-01-13 02:35:15,889] NJDAB3
[INFO ] [2023-01-13 02:36:11,163] ZG3JJY
[INFO ] [2023-01-13 02:40:12,627] BX8PBJ
[INFO ] [2023-01-13 02:42:29,248] C433JM
[INFO ] [2023-01-13 02:43:37,426] GF5M96
[INFO ] [2023-01-13 02:44:15,820] GSJTTX
[INFO ] [2023-01-13 02:49:10,505] 5G5CAT
[INFO ] [2023-01-13 02:51:38,364] HZ3KGA
[INFO ] [2023-01-13 02:54:03,736] 2P2KA2
[INFO ] [2023-01-13 02:56:35,082] QC6PTT
[INFO ] [2023-01-13 02:57:19,389] TVCK9N
[INFO ] [2023-01-13 02:58:13,615] YWD39B
[INFO ] [2023-01-13 03:00:30,477] 57CKQJ
[INFO ] [2023-01-13 03:01:28,800] 3J68BE
[INFO ] [2023-01-13 03:02:19,812] KRKJ53
[INFO ] [2023-01-13 03:04:35,178] E2K6TG
[INFO ] [2023-01-13 03:05:26,721] 7R5WSP
[INFO ] [2023-01-13 03:06:32,881] 8H7HC9
[INFO ] [2023-01-13 03:07:24,610] M72Q7A
[INFO ] [2023-01-13 03:08:12,506] HJ7TNB
[INFO ] [2023-01-13 03:11:05,402] XGFY9Q
[INFO ] [2023-01-13 03:15:19,906] 4B2Z7V
[INFO ] [2023-01-13 03:16:17,168] MHZJZM
[INFO ] [2023-01-13 03:18:23,132] BHCQHA
[INFO ] [2023-01-13 03:19:21,564] 2VUHMT
[INFO ] [2023-01-13 03:23:49,343] SANBZ2
[INFO ] [2023-01-13 03:24:51,577] 9H4QX3
[INFO ] [2023-01-13 03:27:30,909] G8H9VE
[INFO ] [2023-01-13 03:28:29,947] PJRSU2
[INFO ] [2023-01-13 03:29:09,479] WTY5TN
[INFO ] [2023-01-13 03:30:20,154] GSGWK8
[INFO ] [2023-01-13 03:31:25,459] 79JAY5
[INFO ] [2023-01-13 03:38:21,533] PKKQYA
[INFO ] [2023-01-13 03:42:35,667] MTJY73
[INFO ] [2023-01-13 03:45:14,858] CAPEQX
[INFO ] [2023-01-13 03:50:24,631] WUZUH6
[INFO ] [2023-01-13 03:51:22,335] SWMEF4
[INFO ] [2023-01-13 03:52:21,861] WSYHSW
[INFO ] [2023-01-13 03:53:11,439] JA3V34
[INFO ] [2023-01-13 03:55:16,014] KWUSV7
[INFO ] [2023-01-13 03:57:29,664] JSG737
[INFO ] [2023-01-13 03:58:22,643] CU7M59
[INFO ] [2023-01-13 03:59:12,052] 2PCRS5
[INFO ] [2023-01-13 03:59:56,317] 3B9NAM
[INFO ] [2023-01-13 04:02:20,184] 9AV9PJ
[INFO ] [2023-01-13 04:03:26,557] AHW6PX
[INFO ] [2023-01-13 04:04:17,253] XCZMV8
[INFO ] [2023-01-13 04:05:24,564] ZE2C3G
[INFO ] [2023-01-13 04:06:04,054] UQD4Y8
[INFO ] [2023-01-13 04:06:53,961] ZYTZFE
[INFO ] [2023-01-13 04:08:13,983] 3XS2ZF
[INFO ] [2023-01-13 04:15:23,052] R478GV
[INFO ] [2023-01-13 04:19:16,191] Z8C8Q5
[INFO ] [2023-01-13 04:20:25,511] RE6QKE
[INFO ] [2023-01-13 04:22:54,914] 4MZZ5W
[INFO ] [2023-01-13 04:24:03,346] CWWQMH
[INFO ] [2023-01-13 04:25:04,702] RH2USX
[INFO ] [2023-01-13 04:27:25,255] PBR8D6
[INFO ] [2023-01-13 04:28:20,294] P9FF56
[INFO ] [2023-01-13 04:32:16,476] VGGDWJ
[INFO ] [2023-01-13 04:33:11,580] 4UR3KC
[INFO ] [2023-01-13 04:37:17,161] K534YQ
[INFO ] [2023-01-13 04:39:17,382] FKRK28
[INFO ] [2023-01-13 04:42:07,920] 3E7ZH7
[INFO ] [2023-01-13 04:44:09,623] 5S7QH6
[INFO ] [2023-01-13 04:45:12,846] AVAKEH
[INFO ] [2023-01-13 04:46:19,318] FMUG4C
[INFO ] [2023-01-13 04:47:06,140] QFE6K5
[INFO ] [2023-01-13 04:47:50,949] ZA4KE4
[INFO ] [2023-01-13 04:48:48,580] EJR6HW
[INFO ] [2023-01-13 04:49:26,394] JGGZBZ
[INFO ] [2023-01-13 04:51:36,751] BQ8RES
[INFO ] [2023-01-13 04:52:30,833] G6YPG3
[INFO ] [2023-01-13 04:54:32,848] 6RZVBB
[INFO ] [2023-01-13 05:03:35,444] KYXWPJ
[INFO ] [2023-01-13 05:04:09,782] YZ8JZR
[INFO ] [2023-01-13 05:05:05,953] JUNWRT
[INFO ] [2023-01-13 05:11:27,551] Q6S8MT
[INFO ] [2023-01-13 05:12:11,200] 66WGTC
[INFO ] [2023-01-13 05:14:15,060] GTR23Y
[INFO ] [2023-01-13 05:17:08,459] JSTWKM
[INFO ] [2023-01-13 05:22:10,702] 7M5YGZ
[INFO ] [2023-01-13 05:31:24,175] MX73P6
[INFO ] [2023-01-13 05:32:28,663] 5ES8WD
[INFO ] [2023-01-13 05:33:41,076] BG9DC7
[INFO ] [2023-01-13 05:36:54,736] 3RMSZR
[INFO ] [2023-01-13 05:37:33,785] HZ76FK
[INFO ] [2023-01-13 05:38:55,386] 6BHJYV
[INFO ] [2023-01-13 05:39:30,113] 8SUJ35
[INFO ] [2023-01-13 05:46:05,130] TRBX4N
[INFO ] [2023-01-13 05:48:35,501] 5ZS54W
[INFO ] [2023-01-13 05:49:09,815] CZ2HZN
[INFO ] [2023-01-13 05:50:09,715] XPBRVE
[INFO ] [2023-01-13 05:54:13,080] NC5UAF
[INFO ] [2023-01-13 05:56:28,324] Y3FVKP
[INFO ] [2023-01-13 05:57:33,755] DXKYK8
[INFO ] [2023-01-13 05:58:29,215] DGNPUU
[INFO ] [2023-01-13 05:59:24,906] HR58Z7
[INFO ] [2023-01-13 06:02:09,405] NEVX7F
[INFO ] [2023-01-13 06:08:31,573] 8H9HS2
[INFO ] [2023-01-13 06:09:16,941] QCPMGN
[INFO ] [2023-01-13 06:10:21,045] 7E84SE
[INFO ] [2023-01-13 06:11:10,947] 9BWH9R
[INFO ] [2023-01-13 06:11:55,896] YPV334
[INFO ] [2023-01-13 06:17:23,790] TTJ5SX
[INFO ] [2023-01-13 06:21:27,234] FJ8335
[INFO ] [2023-01-13 06:22:09,234] H5C22J
[INFO ] [2023-01-13 06:23:22,410] 2GNHEE
[INFO ] [2023-01-13 06:24:26,727] ECVNCX
[INFO ] [2023-01-13 06:25:15,647] U2BRQK
[INFO ] [2023-01-13 06:32:32,176] E9BZR8
[INFO ] [2023-01-13 06:33:11,975] FYFJ2X
[INFO ] [2023-01-13 06:34:07,698] 78UFQ5
[INFO ] [2023-01-13 06:37:36,133] Q5A7CN
[INFO ] [2023-01-13 06:38:20,654] 4JQTNA
[INFO ] [2023-01-13 06:42:20,966] BDFHSR
[INFO ] [2023-01-13 06:43:15,892] N44XGY
[INFO ] [2023-01-13 06:44:22,156] TBZMAY
[INFO ] [2023-01-13 06:45:21,788] WZXKNA
[INFO ] [2023-01-13 06:47:46,219] 9UXVXW
[INFO ] [2023-01-13 06:49:11,806] SGP8G7
[INFO ] [2023-01-13 06:52:08,597] JBN6NN
[INFO ] [2023-01-13 06:53:23,651] VGJQVD
[INFO ] [2023-01-13 06:54:09,933] MSCT4J
[INFO ] [2023-01-13 06:54:53,616] TPSM4A
[INFO ] [2023-01-13 06:55:49,685] P22R9S
[INFO ] [2023-01-13 06:56:24,329] 7WGHJC
[INFO ] [2023-01-13 06:59:09,555] UCJWAR
[INFO ] [2023-01-13 07:00:01,308] QC58RP
[INFO ] [2023-01-13 07:00:41,699] 3ZNCV9
[INFO ] [2023-01-13 07:01:38,638] WWP7DG
[INFO ] [2023-01-13 07:02:25,267] N6HQB4
[INFO ] [2023-01-13 07:03:45,790] 2WCSKD
[INFO ] [2023-01-13 07:04:37,353] K5WVUN
[INFO ] [2023-01-13 07:05:19,561] KBASPK
[INFO ] [2023-01-13 07:06:17,001] CH75TQ
[INFO ] [2023-01-13 07:08:48,822] ZYFAJX
[INFO ] [2023-01-13 07:09:41,087] 75WT9B
[INFO ] [2023-01-13 07:10:51,834] DK3GEY
[INFO ] [2023-01-13 07:11:26,529] JZFHT9
[INFO ] [2023-01-13 07:12:09,347] YP6ECM
[INFO ] [2023-01-13 07:13:11,544] 7QEH9D
[INFO ] [2023-01-13 07:15:19,737] 2WM5C5
[INFO ] [2023-01-13 07:16:26,603] B4655S
[INFO ] [2023-01-13 07:17:05,123] K496DT
[INFO ] [2023-01-13 07:18:11,003] AR29YU
[INFO ] [2023-01-13 07:19:25,657] QFJ64S
[INFO ] [2023-01-13 07:22:14,794] H8R3P9
[INFO ] [2023-01-13 07:23:02,740] B9DUXC
[INFO ] [2023-01-13 07:23:54,711] E2SVX6
[INFO ] [2023-01-13 07:24:41,885] P6YXNZ
[INFO ] [2023-01-13 07:28:46,886] TD3368
[INFO ] [2023-01-13 07:29:35,110] XJDJEK
[INFO ] [2023-01-13 07:30:25,516] GVGJNX
[INFO ] [2023-01-13 07:39:27,369] N3VNZ2
[INFO ] [2023-01-13 07:40:14,437] NXKTNP
[INFO ] [2023-01-13 07:42:30,339] V6EDEC
[INFO ] [2023-01-13 07:43:23,485] G556GW
[INFO ] [2023-01-13 07:48:23,686] C92NDT
[INFO ] [2023-01-13 07:49:25,145] HCV7U5
[INFO ] [2023-01-13 07:53:23,711] UTZWFT
[INFO ] [2023-01-13 07:54:25,014] EJ5J7H
[INFO ] [2023-01-13 07:55:31,190] 7YKUVK
[INFO ] [2023-01-13 07:58:31,046] WWZ5HB
[INFO ] [2023-01-13 07:59:42,171] BF3C6G
[INFO ] [2023-01-13 08:05:44,316] GR42A7
[INFO ] [2023-01-13 08:06:20,400] EZMX3W
[INFO ] [2023-01-13 08:07:20,699] B7SZFS
[INFO ] [2023-01-13 08:08:28,035] 2YVSJB
[INFO ] [2023-01-13 08:09:31,455] MFFV89
[INFO ] [2023-01-13 08:10:40,061] 3GVMQV
[INFO ] [2023-01-13 08:11:20,380] 5QJP57
[INFO ] [2023-01-13 08:13:20,427] KWS6D9
[INFO ] [2023-01-13 08:17:29,567] D9K34K
[INFO ] [2023-01-13 08:18:24,689] JQCN3W
[INFO ] [2023-01-13 08:21:57,575] V6JG34
[INFO ] [2023-01-13 08:24:18,674] 6BTH8R
[INFO ] [2023-01-13 08:25:12,191] 62BQGM
[INFO ] [2023-01-13 08:27:53,807] E88UY7
[INFO ] [2023-01-13 08:28:31,673] FWTKAX
[INFO ] [2023-01-13 08:31:27,960] 2MUH4T
[INFO ] [2023-01-13 08:32:28,242] JFSXSD
[INFO ] [2023-01-13 08:33:19,948] 6XNHFM
[INFO ] [2023-01-13 08:34:08,298] FKVDF3
[INFO ] [2023-01-13 08:35:06,483] 43F3PA
[INFO ] [2023-01-13 08:37:17,846] PNE4WS
[INFO ] [2023-01-13 08:40:05,702] RBH6XY
[INFO ] [2023-01-13 08:44:30,017] KG7SWV
[INFO ] [2023-01-13 08:45:20,138] Z3GHS4
[INFO ] [2023-01-13 08:47:20,365] ECN3Q5
[INFO ] [2023-01-13 08:52:04,834] 2UZ2KE
[INFO ] [2023-01-13 08:54:15,019] FBHTVD
[INFO ] [2023-01-13 08:57:29,849] V475QW
[INFO ] [2023-01-13 08:58:05,542] WVZQV2
[INFO ] [2023-01-13 09:02:22,947] KDNYW8
[INFO ] [2023-01-13 09:03:18,356] WKV4YS
[INFO ] [2023-01-13 09:04:30,762] ZZA7DZ
[INFO ] [2023-01-13 09:07:12,679] KPS94P
[INFO ] [2023-01-13 09:07:50,116] ZZ56WM
[INFO ] [2023-01-13 09:12:28,655] VKF32Y
[INFO ] [2023-01-13 09:13:31,787] C4BNWR
[INFO ] [2023-01-13 09:14:23,236] VN5KWE
[INFO ] [2023-01-13 09:15:20,994] XVCM9S
[INFO ] [2023-01-13 09:16:30,700] UPF54W
[INFO ] [2023-01-13 09:19:09,618] RNDKTA
[INFO ] [2023-01-13 09:26:27,419] M7WCZD
[INFO ] [2023-01-13 09:27:22,445] GHG2GF
[INFO ] [2023-01-13 09:30:11,541] 8U24AF
[INFO ] [2023-01-13 09:34:18,534] 95FRBE
[INFO ] [2023-01-13 09:35:13,126] 4BWBTR
[INFO ] [2023-01-13 09:39:44,701] G9C9NT
[INFO ] [2023-01-13 09:40:29,435] NX3YBG
[INFO ] [2023-01-13 09:41:25,304] EG7UZD
[INFO ] [2023-01-13 09:45:19,534] FMM4JD
[INFO ] [2023-01-13 09:47:35,909] 9MMKPC
[INFO ] [2023-01-13 09:50:39,917] 6XWHRB
[INFO ] [2023-01-13 09:52:35,147] RCDZYT
[INFO ] [2023-01-13 09:57:24,241] 2GWYP3
[INFO ] [2023-01-13 09:58:11,053] UQ2U26
[INFO ] [2023-01-13 10:02:31,169] 79KDSM
[INFO ] [2023-01-13 10:03:19,316] URXFMQ
[INFO ] [2023-01-13 10:33:30,309] HHCSVK
[INFO ] [2023-01-13 10:34:19,491] 4VH2T4
[INFO ] [2023-01-13 15:18:02,188] K97KAQ
[INFO ] [2023-01-13 15:18:45,290] W3E323
[INFO ] [2023-01-13 15:18:45,518] G8XFXB
[INFO ] [2023-01-13 15:19:57,232] 2CBZS8
[INFO ] [2023-01-13 15:20:13,367] JCHDND
[INFO ] [2023-01-13 15:22:09,628] B828NJ
[INFO ] [2023-01-13 15:22:12,922] Session ID is null. Using WebDriver after calling quit()?
Build info: version: '3.141.59', revision: 'e82be7d358', time: '2018-11-14T08:25:53'
System info: host: 'G1-HCM-L-W-0094', ip: '10.10.2.31', os.name: 'Windows 10', os.arch: 'amd64', os.version: '10.0', java.version: '1.8.0_212'
Driver info: driver.version: RemoteWebDriver
[INFO ] [2023-01-13 15:22:19,616] 4K6RDJ
[INFO ] [2023-01-13 15:22:23,099] Session ID is null. Using WebDriver after calling quit()?
Build info: version: '3.141.59', revision: 'e82be7d358', time: '2018-11-14T08:25:53'
System info: host: 'G1-HCM-L-W-0094', ip: '10.10.2.31', os.name: 'Windows 10', os.arch: 'amd64', os.version: '10.0', java.version: '1.8.0_212'
Driver info: driver.version: RemoteWebDriver
[INFO ] [2023-01-17 15:48:26,183] Not able to open the Browser --- java.net.ConnectException: Failed to connect to localhost/0:0:0:0:0:0:0:1:2570
Build info: version: '3.141.59', revision: 'e82be7d358', time: '2018-11-14T08:25:53'
System info: host: 'G1-HCM-L-W-0094', ip: '192.168.1.50', os.name: 'Windows 10', os.arch: 'amd64', os.version: '10.0', java.version: '1.8.0_212'
Driver info: driver.version: FirefoxDriver
[INFO ] [2023-01-17 15:48:26,185] 
[INFO ] [2023-01-17 15:48:26,196] 
[INFO ] [2023-01-17 16:03:27,672] WGZ62N
[INFO ] [2023-01-17 16:04:32,977] VX8Q23
[INFO ] [2023-01-17 16:04:42,946] NQCPJB
[INFO ] [2023-01-17 16:05:32,591] RGHK4T
[INFO ] [2023-01-17 16:06:01,512] 9EKRQR
[INFO ] [2023-01-17 16:06:11,874] RHBRGB
[INFO ] [2023-01-17 16:07:19,216] BZVSYZ
[INFO ] [2023-01-17 16:10:20,012] 3HKUVY
[INFO ] [2023-01-17 16:10:20,674] 9FW8EX
[INFO ] [2023-01-17 16:11:25,113] YUA8GW
[INFO ] [2023-01-17 16:11:27,636] Z3BU83
[INFO ] [2023-01-17 16:16:45,777] P55Z8Z
[INFO ] [2023-01-17 16:17:09,869] V3NWH3
[INFO ] [2023-01-17 16:17:25,873] WGMYP4
[INFO ] [2023-01-17 16:18:24,282] RUHSJN
[INFO ] [2023-01-17 16:19:06,401] NXUE9N
[INFO ] [2023-01-17 16:21:35,524] TFKS7Y
[INFO ] [2023-01-17 16:22:13,856] 74A8NV
[INFO ] [2023-01-17 16:23:46,599] WUMHME
[INFO ] [2023-01-17 16:23:48,311] 4ZJHR5
[INFO ] [2023-01-17 16:24:39,180] HNYVAB
[INFO ] [2023-01-17 16:30:11,198] 5V9XQ7
[INFO ] [2023-01-17 16:30:18,507] AG7ADE
[INFO ] [2023-01-17 16:33:08,469] SWUZDT
[INFO ] [2023-01-17 16:34:26,623] YKRVVN
[INFO ] [2023-01-17 16:40:38,096] NA8JYY
[INFO ] [2023-01-17 16:41:13,106] 8PS25E
[INFO ] [2023-01-17 16:41:24,426] 6X3RXF
[INFO ] [2023-01-17 16:42:27,380] ZTJMWZ
[INFO ] [2023-01-17 16:43:27,883] Y4YW37
[INFO ] [2023-01-17 16:43:31,176] 6DNRT8
[INFO ] [2023-01-17 16:44:20,590] UUPXTC
[INFO ] [2023-01-17 16:44:30,931] U9Y787
[INFO ] [2023-01-17 16:47:24,836] Z9FJUA
[INFO ] [2023-01-17 16:48:21,524] RU3SQE
[INFO ] [2023-01-17 16:48:22,873] KS8H2R
[INFO ] [2023-01-17 16:49:04,468] NJ9TE2
[INFO ] [2023-01-17 16:49:13,362] E6GJCZ
[INFO ] [2023-01-17 16:50:11,223] HV32KD
[INFO ] [2023-01-17 16:50:18,740] CEHJB6
[INFO ] [2023-01-17 16:52:39,463] QM37YS
[INFO ] [2023-01-17 16:53:39,650] Q2N67S
[INFO ] [2023-01-17 16:54:20,005] QD7URU
[INFO ] [2023-01-17 16:54:23,299] C7U2ZA
[INFO ] [2023-01-17 16:55:18,274] XK6UN3
[INFO ] [2023-01-17 16:56:12,491] N895MJ
[INFO ] [2023-01-17 16:57:26,014] J7RDAP
[INFO ] [2023-01-17 16:58:06,332] RGN69K
[INFO ] [2023-01-17 16:58:13,693] 2AR76H
[INFO ] [2023-01-17 16:59:05,136] QRJ27J
[INFO ] [2023-01-17 16:59:27,450] 8YUAHT
[INFO ] [2023-01-17 17:03:29,701] 6JET2X
[INFO ] [2023-01-17 17:04:18,694] 6288FP
[INFO ] [2023-01-17 17:04:25,797] B8Z59U
[INFO ] [2023-01-17 17:08:16,713] EQ6ERG
[INFO ] [2023-01-17 17:08:32,709] B6CJCF
[INFO ] [2023-01-17 17:09:09,319] FNRRHY
[INFO ] [2023-01-17 17:09:25,059] JKATYQ
[INFO ] [2023-01-17 17:10:03,292] AS32MU
[INFO ] [2023-01-17 17:11:03,153] MN838H
[INFO ] [2023-01-17 17:12:14,053] AET2HA
[INFO ] [2023-01-17 17:12:25,176] XT4Y2H
[INFO ] [2023-01-17 17:17:56,998] 7PTY99
[INFO ] [2023-01-17 17:18:31,791] F7JJAU
[INFO ] [2023-01-17 17:19:05,396] YAVDJM
[INFO ] [2023-01-17 17:19:31,650] 9QYBJ6
[INFO ] [2023-01-17 17:20:08,395] UQDWS8
[INFO ] [2023-01-17 17:22:13,928] 4J9KB2
[INFO ] [2023-01-17 17:22:34,801] DVVEFP
[INFO ] [2023-01-17 17:23:34,754] DFAN6J
[INFO ] [2023-01-17 17:25:04,041] 7D9JCR
[INFO ] [2023-01-17 17:26:29,645] CHADDN
[INFO ] [2023-01-17 17:27:22,474] C67SNB
[INFO ] [2023-01-17 17:27:22,697] KUE5D6
[INFO ] [2023-01-17 17:28:33,115] VBKTJT
[INFO ] [2023-01-17 17:28:46,420] TK2MFR
[INFO ] [2023-01-17 17:29:14,056] AFMCU4
[INFO ] [2023-01-17 17:31:23,573] B7VPYA
[INFO ] [2023-01-17 17:31:32,836] UCYYG6
[INFO ] [2023-01-17 17:32:09,039] K3G3TX
[INFO ] [2023-01-17 17:32:22,633] BC2R2R
[INFO ] [2023-01-17 17:33:36,870] 4DA77P
[INFO ] [2023-01-17 17:34:25,357] 2XB32E
[INFO ] [2023-01-17 17:34:49,555] NGWEGF
[INFO ] [2023-01-17 17:36:30,729] 4MCYZQ
[INFO ] [2023-01-17 17:37:55,160] MDQMDT
[INFO ] [2023-01-17 17:39:12,359] 39RVGX
[INFO ] [2023-01-17 17:39:17,171] Y8TJDS
[INFO ] [2023-01-17 17:40:12,277] WEX9F6
[INFO ] [2023-01-17 17:40:32,065] EWZC3Z
[INFO ] [2023-01-17 17:41:31,638] SKPAW8
[INFO ] [2023-01-17 17:42:55,278] 6HUX5G
[INFO ] [2023-01-17 17:43:33,357] UUV7M7
[INFO ] [2023-01-17 17:43:55,381] 35BFBN
[INFO ] [2023-01-17 17:45:01,567] CAR8YQ
[INFO ] [2023-01-17 17:50:12,544] SCWUZD
[INFO ] [2023-01-17 17:50:17,370] GX2SJ2
[INFO ] [2023-01-17 17:51:15,537] KFAF62
[INFO ] [2023-01-17 17:51:25,529] UN7YGE
[INFO ] [2023-01-17 17:52:24,298] ZZX89X
[INFO ] [2023-01-17 17:52:26,335] KMZC8H
[INFO ] [2023-01-17 17:54:54,042] QY6ETA
[INFO ] [2023-01-17 17:54:54,212] 2WCN5Y
[INFO ] [2023-01-17 17:55:41,949] 543YTD
[INFO ] [2023-01-17 17:56:37,472] G29Y62
[INFO ] [2023-01-17 17:57:17,236] DARWSU
[INFO ] [2023-01-17 17:57:33,092] AU6PMZ
[INFO ] [2023-01-17 17:58:42,182] GY944U
[INFO ] [2023-01-17 17:59:23,494] 8RFQPM
[INFO ] [2023-01-17 18:00:28,398] JJCPQE
[INFO ] [2023-01-17 18:01:25,199] FRFDVK
[INFO ] [2023-01-17 18:04:24,118] FM64FA
[INFO ] [2023-01-17 18:04:34,199] 2VYF42
[INFO ] [2023-01-17 18:06:13,936] HX7HTD
[INFO ] [2023-01-17 18:06:28,191] KCB8XU
[INFO ] [2023-01-17 18:07:19,018] 8RF2FY
[INFO ] [2023-01-17 18:07:20,966] ZJ6WHN
[INFO ] [2023-01-17 18:08:24,149] ND9MC3
[INFO ] [2023-01-17 18:08:24,410] Z3CE9Z
[INFO ] [2023-01-17 18:09:36,775] MKBUDE
[INFO ] [2023-01-17 18:09:36,783] 8NCAUU
[INFO ] [2023-01-17 18:13:15,617] SQXEJC
[INFO ] [2023-01-17 18:13:31,590] MJP3EX
[INFO ] [2023-01-17 18:13:53,318] C7GQJM
[INFO ] [2023-01-17 18:17:58,633] 4ZU6ZC
[INFO ] [2023-01-17 18:18:01,196] VU95Z4
[INFO ] [2023-01-17 18:18:46,338] Y8WBPQ
[INFO ] [2023-01-17 18:18:47,111] E8ZDSY
[INFO ] [2023-01-17 18:19:26,855] RZHM24
[INFO ] [2023-01-17 18:21:30,653] 83BERD
[INFO ] [2023-01-17 18:22:15,967] 9JAGWV
[INFO ] [2023-01-17 18:22:19,432] ATGXW9
[INFO ] [2023-01-17 18:23:26,969] VQF2X4
[INFO ] [2023-01-17 18:23:48,929] UT526Z
[INFO ] [2023-01-17 18:24:33,207] T886TW
[INFO ] [2023-01-17 18:24:38,546] MZS59B
[INFO ] [2023-01-17 18:29:27,402] QZV8ME
[INFO ] [2023-01-17 18:29:28,585] UEYQH5
[INFO ] [2023-01-17 18:32:12,084] S2K8EZ
[INFO ] [2023-01-17 18:32:33,387] 5C67MA
[INFO ] [2023-01-17 18:33:27,577] FYQCRA
[INFO ] [2023-01-17 18:34:14,530] DQ6NDG
[INFO ] [2023-01-17 18:36:19,251] HNTG9N
[INFO ] [2023-01-17 18:39:11,070] DTTAHM
[INFO ] [2023-01-17 18:39:22,500] BS2PUX
[INFO ] [2023-01-17 18:41:53,946] 4U2MVJ
[INFO ] [2023-01-17 18:44:23,636] 87V2U3
[INFO ] [2023-01-17 18:44:24,944] HFJDT5
[INFO ] [2023-01-17 18:45:18,328] VFMPY7
[INFO ] [2023-01-17 18:45:19,324] 56NTTJ
[INFO ] [2023-01-17 18:47:26,091] EPJT9U
[INFO ] [2023-01-17 18:47:30,352] S56V94
[INFO ] [2023-01-17 18:48:32,573] N62XBY
[INFO ] [2023-01-17 18:48:33,209] AHJ4BE
[INFO ] [2023-01-17 18:49:33,894] 5FTM4F
[INFO ] [2023-01-17 18:50:49,574] TM6X32
[INFO ] [2023-01-17 18:52:08,802] FFSMSE
[INFO ] [2023-01-17 18:52:09,505] WBHNYF
[INFO ] [2023-01-17 18:54:34,553] WQQ322
[INFO ] [2023-01-17 18:57:08,099] FJDMZZ
[INFO ] [2023-01-17 18:57:17,546] FHPNC8
[INFO ] [2023-01-17 18:58:32,253] GRWTJU
[INFO ] [2023-01-17 18:59:34,348] 7Q3DTX
[INFO ] [2023-01-17 18:59:37,336] HNJCT6
[INFO ] [2023-01-17 19:00:40,977] T8TTU4
[INFO ] [2023-01-17 19:01:32,725] YER64Q
[INFO ] [2023-01-17 19:02:24,345] M6YHKU
[INFO ] [2023-01-17 19:02:24,500] UVYSM7
[INFO ] [2023-01-17 19:03:20,581] P33NAN
[INFO ] [2023-01-17 19:03:20,585] K573VB
[INFO ] [2023-01-17 19:04:24,244] HKAKU5
[INFO ] [2023-01-17 19:04:27,250] ZC4JWZ
[INFO ] [2023-01-17 19:05:29,670] F6W3P5
[INFO ] [2023-01-17 19:06:31,954] SK3HEA
[INFO ] [2023-01-17 19:06:46,002] G6HKMD
[INFO ] [2023-01-17 19:07:26,132] 8SQCDF
[INFO ] [2023-01-17 19:08:11,468] TE49SN
[INFO ] [2023-01-17 19:09:15,380] ZCDNCZ
[INFO ] [2023-01-17 19:09:15,596] RHTW72
[INFO ] [2023-01-17 19:10:20,424] 2TTV78
[INFO ] [2023-01-17 19:11:42,610] ABGHS8
[INFO ] [2023-01-17 19:12:22,482] 34JFPF
[INFO ] [2023-01-17 19:12:29,450] B8PUV2
[INFO ] [2023-01-17 19:13:28,551] HGGF7C
[INFO ] [2023-01-17 19:13:33,340] T2K8DY
[INFO ] [2023-01-17 19:14:15,462] FTM5A8
[INFO ] [2023-01-17 19:14:15,532] AQJJNE
[INFO ] [2023-01-17 19:15:20,639] VR8BGE
[INFO ] [2023-01-17 19:15:20,812] V94KFN
[INFO ] [2023-01-17 19:16:29,497] K953N8
[INFO ] [2023-01-17 19:17:30,819] 3KFKBK
[INFO ] [2023-01-17 19:17:57,294] T4JUTY
[INFO ] [2023-01-17 19:18:44,096] ZDGRRW
[INFO ] [2023-01-17 19:20:49,064] Not able to open the Browser --- unknown error: Microsoft Edge failed to start: exited normally.
  (unknown error: DevToolsActivePort file doesn't exist)
  (The process started from msedge location C:\Program Files (x86)\Microsoft\Edge\Application\msedge.exe is no longer running, so msedgedriver is assuming that msedge has crashed.)
Build info: version: '3.141.59', revision: 'e82be7d358', time: '2018-11-14T08:25:53'
System info: host: 'G1-HCM-L-W-0094', ip: '192.168.1.50', os.name: 'Windows 10', os.arch: 'amd64', os.version: '10.0', java.version: '1.8.0_212'
Driver info: driver.version: EdgeDriver
remote stacktrace: Backtrace:
	Microsoft::Applications::Events::EventProperties::SetProperty [0x00007FF6A4F30A12+15186]
	Microsoft::Applications::Events::EventProperty::EventProperty [0x00007FF6A4EC9562+828946]
	(No symbol) [0x00007FF6A4B8ED90]
	(No symbol) [0x00007FF6A4BBB5D4]
	(No symbol) [0x00007FF6A4BB60FC]
	(No symbol) [0x00007FF6A4BF9C56]
	(No symbol) [0x00007FF6A4BF1D23]
	(No symbol) [0x00007FF6A4BC3B80]
	(No symbol) [0x00007FF6A4BC2B0E]
	(No symbol) [0x00007FF6A4BC4344]
	Microsoft::Applications::Events::EventProperties::SetProperty [0x00007FF6A4DAB190+182768]
	(No symbol) [0x00007FF6A4C7EF45]
	Microsoft::Applications::Events::EventProperty::EventProperty [0x00007FF6A4E094CA+42362]
	Microsoft::Applications::Events::EventProperty::EventProperty [0x00007FF6A4E0C205+53941]
	Microsoft::Applications::Events::ILogManager::DispatchEventBroadcast [0x00007FF6A5127E13+1456611]
	Microsoft::Applications::Events::EventProperty::EventProperty [0x00007FF6A4ED1ABA+863082]
	Microsoft::Applications::Events::EventProperty::EventProperty [0x00007FF6A4ED6BA4+883796]
	Microsoft::Applications::Events::EventProperty::EventProperty [0x00007FF6A4ED6CFC+884140]
	Microsoft::Applications::Events::EventProperty::EventProperty [0x00007FF6A4EDFCCE+920958]
	BaseThreadInitThunk [0x00007FF8F1557614+20]
	RtlUserThreadStart [0x00007FF8F24026A1+33]

[INFO ] [2023-01-17 19:20:49,065] Session ID is null. Using WebDriver after calling quit()?
Build info: version: '3.141.59', revision: 'e82be7d358', time: '2018-11-14T08:25:53'
System info: host: 'G1-HCM-L-W-0094', ip: '192.168.1.50', os.name: 'Windows 10', os.arch: 'amd64', os.version: '10.0', java.version: '1.8.0_212'
Driver info: driver.version: RemoteWebDriver
[INFO ] [2023-01-17 19:23:15,397] N8XP3P
[INFO ] [2023-01-17 19:23:47,443] M5BM9T
[INFO ] [2023-01-17 19:24:23,555] 3ECPRT
[INFO ] [2023-01-17 19:24:54,198] MWCWRK
[INFO ] [2023-01-17 19:25:29,561] X2YKJ7
[INFO ] [2023-01-17 19:27:24,716] HXKKV8
[INFO ] [2023-01-17 19:27:32,909] KTRHV2
[INFO ] [2023-01-17 19:28:09,604] 75B53Z
[INFO ] [2023-01-17 19:28:10,721] 63A9JF
[INFO ] [2023-01-17 19:29:12,241] SZHRGV
[INFO ] [2023-01-17 19:29:12,334] 65QECT
[INFO ] [2023-01-17 19:31:22,910] PZ22CM
[INFO ] [2023-01-17 19:31:23,392] H76SA8
[INFO ] [2023-01-17 19:32:17,566] 38KXQM
[INFO ] [2023-01-17 19:33:01,592] 7CVS9W
[INFO ] [2023-01-17 19:33:02,463] XRBZB7
[INFO ] [2023-01-17 19:34:10,148] SA5B52
[INFO ] [2023-01-17 19:34:29,734] QHRG5E
[INFO ] [2023-01-17 19:35:11,491] 98E4GM
[INFO ] [2023-01-17 19:35:18,320] 49FPPT
[INFO ] [2023-01-17 19:36:21,638] WFEA2W
[INFO ] [2023-01-17 19:36:22,527] 48ENSJ
[INFO ] [2023-01-17 19:37:27,208] 49NJKH
[INFO ] [2023-01-17 19:38:24,280] 8H79RY
[INFO ] [2023-01-17 19:39:00,769] RQJ8CK
[INFO ] [2023-01-17 19:39:09,050] RH4ZQ7
[INFO ] [2023-01-17 19:41:48,596] ZNTN3B
[INFO ] [2023-01-17 19:41:49,311] 6TAQH8
[INFO ] [2023-01-17 19:42:27,886] UQ5HPD
[INFO ] [2023-01-17 19:44:18,803] ZYMTJT
[INFO ] [2023-01-17 19:44:39,700] GWW3K8
[INFO ] [2023-01-17 19:44:58,207] XGVNSF
[INFO ] [2023-01-17 19:45:16,892] UXP2TA
[INFO ] [2023-01-17 19:45:37,805] NN7NF3
[INFO ] [2023-01-17 19:46:27,049] 2U4J3Z
[INFO ] [2023-01-17 19:47:06,636] 7NMFPP
[INFO ] [2023-01-17 19:47:11,116] 2HYX9Q
[INFO ] [2023-01-17 19:48:24,825] B5E6SE
[INFO ] [2023-01-17 19:49:35,181] QHVH9H
[INFO ] [2023-01-17 19:54:06,605] QX2KYU
[INFO ] [2023-01-17 19:55:02,121] MSP3DM
[INFO ] [2023-01-17 19:57:49,723] FJ6Z97
[INFO ] [2023-01-17 19:57:50,442] TXQ9CV
[INFO ] [2023-01-17 19:58:29,431] FXKR9W
[INFO ] [2023-01-17 19:58:32,330] TS9HC8
[INFO ] [2023-01-17 19:59:20,400] CV783R
[INFO ] [2023-01-17 19:59:20,483] 4UNHSY
[INFO ] [2023-01-17 20:00:37,293] T57BPU
[INFO ] [2023-01-17 20:00:38,070] UV95RM
[INFO ] [2023-01-17 20:01:32,432] RTXG3B
[INFO ] [2023-01-17 20:01:39,395] KYATN7
[INFO ] [2023-01-17 20:02:37,950] GEHN2D
[INFO ] [2023-01-17 20:02:38,126] R3QNZR
[INFO ] [2023-01-17 20:03:31,693] 9CNM6X
[INFO ] [2023-01-17 20:04:21,822] M6VEZP
[INFO ] [2023-01-17 20:05:04,538] 4DCVQU
[INFO ] [2023-01-17 20:05:28,641] BC9TKT
[INFO ] [2023-01-17 20:06:27,270] 5GMZMB
[INFO ] [2023-01-17 20:07:11,867] 674ST7
[INFO ] [2023-01-17 20:09:19,305] YHKM8M
[INFO ] [2023-01-17 20:09:27,008] SGAVHZ
[INFO ] [2023-01-17 20:10:37,084] PAKTRE
[INFO ] [2023-01-17 20:10:54,965] GQKNN3
[INFO ] [2023-01-17 20:14:38,216] U64P9C
[INFO ] [2023-01-17 20:15:20,935] PZK9S3
[INFO ] [2023-01-17 20:15:26,745] GDGR7E
[INFO ] [2023-01-17 20:16:28,173] 2TA25J
[INFO ] [2023-01-17 20:17:09,821] QSRFBZ
[INFO ] [2023-01-17 20:17:12,824] R8RPA7
[INFO ] [2023-01-17 20:19:31,759] CN5TK2
[INFO ] [2023-01-17 20:20:13,848] DAKR9H
[INFO ] [2023-01-17 20:21:16,098] 8428T8
[INFO ] [2023-01-17 20:21:16,099] 7Y2Y5D
[INFO ] [2023-01-17 20:22:22,994] CX5X9N
[INFO ] [2023-01-17 20:23:26,069] 9RNBDR
[INFO ] [2023-01-17 20:23:30,508] QVRM29
[INFO ] [2023-01-17 20:24:11,438] 4Z92PB
[INFO ] [2023-01-17 20:24:23,396] QRTF6N
[INFO ] [2023-01-17 20:25:26,639] R4TC5A
[INFO ] [2023-01-17 20:26:54,576] QUYJVD
[INFO ] [2023-01-17 20:27:56,642] 6Q32MX
[INFO ] [2023-01-17 20:29:09,231] 762AKD
[INFO ] [2023-01-17 20:29:22,042] 5QB8X5
[INFO ] [2023-01-17 20:31:38,402] R93YCM
[INFO ] [2023-01-17 20:31:50,167] WYF4RV
[INFO ] [2023-01-17 20:32:21,592] 3G25T4
[INFO ] [2023-01-17 20:32:35,643] 7C6BT6
[INFO ] [2023-01-17 20:33:20,662] D4R89A
[INFO ] [2023-01-17 20:34:09,096] XVPAUT
[INFO ] [2023-01-17 20:34:48,297] Q52PQH
[INFO ] [2023-01-17 20:35:02,663] NS5GW7
[INFO ] [2023-01-17 20:37:18,129] 5YZS3N
[INFO ] [2023-01-17 20:37:19,823] VBQEPK
[INFO ] [2023-01-17 20:37:59,580] TBNW5Z
[INFO ] [2023-01-17 20:38:23,360] E87VT7
[INFO ] [2023-01-17 20:38:38,659] EPY3ZS
[INFO ] [2023-01-17 20:39:12,379] 3M5FM6
[INFO ] [2023-01-17 20:39:32,359] EU5Y7N
[INFO ] [2023-01-17 20:39:52,534] WHSZW4
[INFO ] [2023-01-17 20:40:31,843] BCMW44
[INFO ] [2023-01-17 20:40:59,358] 84REJ3
[INFO ] [2023-01-17 20:41:25,455] 4NE8EJ
[INFO ] [2023-01-17 20:44:20,437] CBT24Z
[INFO ] [2023-01-17 20:44:21,409] 39GY8Y
[INFO ] [2023-01-17 20:45:13,554] 3SEFH3
[INFO ] [2023-01-17 20:49:03,769] DFNAWF
[INFO ] [2023-01-17 20:49:27,279] AECRME
[INFO ] [2023-01-17 20:50:41,240] F3B9KY
[INFO ] [2023-01-17 20:51:23,733] 3F8VBY
[INFO ] [2023-01-17 20:52:25,368] PUHMKF
[INFO ] [2023-01-17 20:53:45,709] F2KG2G
[INFO ] [2023-01-17 20:54:26,562] Q7E3ER
[INFO ] [2023-01-17 20:54:27,770] 6X6WKT
[INFO ] [2023-01-17 20:55:43,870] T3F4TZ
[INFO ] [2023-01-17 20:56:33,122] YQQP2Y
[INFO ] [2023-01-17 20:57:34,081] FDQJTV
[INFO ] [2023-01-17 20:58:12,129] EN7KSA
[INFO ] [2023-01-17 20:58:59,941] TDCEVE
[INFO ] [2023-01-17 20:59:42,683] PM8Z5Y
[INFO ] [2023-01-17 21:02:15,443] 3SJUWW
[INFO ] [2023-01-17 21:02:27,033] CMDDWW
[INFO ] [2023-01-17 21:03:29,831] D6253F
[INFO ] [2023-01-17 21:03:29,924] VJJ5E8
[INFO ] [2023-01-17 21:04:42,632] 5D27KZ
[INFO ] [2023-01-17 21:07:27,370] 3RKYFV
[INFO ] [2023-01-17 21:08:21,942] 3ZDWZS
[INFO ] [2023-01-17 21:08:27,623] UCXAPZ
[INFO ] [2023-01-17 21:09:29,802] 2QVKY3
[INFO ] [2023-01-17 21:10:11,954] VJQ76C
[INFO ] [2023-01-17 21:11:14,605] 48GRR4
[INFO ] [2023-01-17 21:11:26,887] SWTCCU
[INFO ] [2023-01-17 21:11:54,344] ZP3RSS
[INFO ] [2023-01-17 21:12:14,932] RGHKS7
[INFO ] [2023-01-17 21:12:56,779] CCBXU6
[INFO ] [2023-01-17 21:13:40,104] AQ5MEC
[INFO ] [2023-01-17 21:16:28,598] UB5W8Q
[INFO ] [2023-01-17 21:17:13,288] 9HEKH5
[INFO ] [2023-01-17 21:17:21,264] 3U6WE3
[INFO ] [2023-01-17 21:18:19,545] Z7PFM7
[INFO ] [2023-01-17 21:18:27,649] RJQJWR
[INFO ] [2023-01-17 21:19:30,441] WRH9YP
[INFO ] [2023-01-17 21:19:31,172] NTVWT9
[INFO ] [2023-01-17 21:21:40,443] VZ4GXG
[INFO ] [2023-01-17 21:21:56,058] XU5MUJ
[INFO ] [2023-01-17 21:22:23,064] TGQHCW
[INFO ] [2023-01-17 21:22:35,796] B93YZE
[INFO ] [2023-01-17 21:24:03,010] Q7XM4K
[INFO ] [2023-01-17 21:24:43,434] 3KRVVW
[INFO ] [2023-01-17 21:25:01,828] SUT422
[INFO ] [2023-01-17 21:25:27,347] XV9MA5
[INFO ] [2023-01-17 21:25:45,183] JX8PXQ
[INFO ] [2023-01-17 21:27:09,352] 4CZ2JQ
[INFO ] [2023-01-17 21:28:52,790] 94QZZT
[INFO ] [2023-01-17 21:29:30,450] 5VB9MF
[INFO ] [2023-01-17 21:29:38,286] MG53U7
[INFO ] [2023-01-17 21:32:23,791] 2H5RR8
[INFO ] [2023-01-17 21:32:24,031] MPR6ZZ
[INFO ] [2023-01-17 21:33:22,976] PV6SUB
[INFO ] [2023-01-17 21:33:23,472] R2PEBZ
[INFO ] [2023-01-17 21:39:03,564] YJJENE
[INFO ] [2023-01-17 21:39:07,636] PK8FF4
[INFO ] [2023-01-17 21:41:52,465] 5X694J
[INFO ] [2023-01-17 21:42:08,385] E84HQ7
[INFO ] [2023-01-17 21:44:00,351] BUDRGA
[INFO ] [2023-01-17 21:44:12,599] 76BGGC
[INFO ] [2023-01-17 21:45:14,440] CH4VH8
[INFO ] [2023-01-17 21:46:28,548] WCUF6N
[INFO ] [2023-01-17 21:47:31,403] NNC9E7
[INFO ] [2023-01-17 21:47:38,161] 8MP9AW
[INFO ] [2023-01-17 21:50:13,045] R52KU3
[INFO ] [2023-01-17 21:51:22,556] MGHHU2
[INFO ] [2023-01-17 21:53:31,999] VAXA22
[INFO ] [2023-01-17 21:56:31,644] 9KTKWV
[INFO ] [2023-01-17 21:56:38,344] E6QC8T
[INFO ] [2023-01-17 21:57:25,867] 9P466N
[INFO ] [2023-01-17 21:58:11,851] 6SBPWT
[INFO ] [2023-01-17 21:58:57,831] 6CBFYK
[INFO ] [2023-01-17 21:59:11,332] AXMCYP
[INFO ] [2023-01-17 22:03:14,953] ZCCF5M
[INFO ] [2023-01-17 22:04:04,303] KCWGXC
[INFO ] [2023-01-17 22:04:11,636] AJCSNS
[INFO ] [2023-01-17 22:06:57,169] Z4KVPB
[INFO ] [2023-01-17 22:09:23,365] UJMWSA
[INFO ] [2023-01-17 22:10:22,156] FG74GZ
[INFO ] [2023-01-17 22:10:24,559] 5RX9HN
[INFO ] [2023-01-17 22:11:53,995] RCBG4A
[INFO ] [2023-01-17 22:12:37,689] ZBFMEA
[INFO ] [2023-01-17 22:13:03,757] AEY7N6
[INFO ] [2023-01-17 22:13:24,999] FFNB28
[INFO ] [2023-01-17 22:13:44,236] 9DB2D6
[INFO ] [2023-01-17 22:14:10,031] BJDZE9
[INFO ] [2023-01-17 22:14:24,469] 9BJKPX
[INFO ] [2023-01-17 22:17:33,263] YEF7DY
[INFO ] [2023-01-17 22:18:51,902] PQN7C2
[INFO ] [2023-01-17 22:20:17,212] PMHJUE
[INFO ] [2023-01-17 22:21:54,361] ER9YDR
[INFO ] [2023-01-17 22:23:02,470] BQ6BYF
[INFO ] [2023-01-17 22:25:32,278] K4E2CN
[INFO ] [2023-01-17 22:26:19,895] NCEM62
[INFO ] [2023-01-17 22:27:15,849] F58QRY
[INFO ] [2023-01-17 22:28:57,971] JCSMVM
[INFO ] [2023-01-17 22:29:37,664] USVN7S
[INFO ] [2023-01-17 22:30:01,682] 42CHUH
[INFO ] [2023-01-17 22:31:21,051] FNSZWS
[INFO ] [2023-01-17 22:32:15,083] KH43WT
[INFO ] [2023-01-17 22:32:26,802] 7Q2YXR
[INFO ] [2023-01-17 22:33:03,137] UPTVJK
[INFO ] [2023-01-17 22:33:10,667] CRTT8X
[INFO ] [2023-01-17 22:34:17,357] NVZ77Y
[INFO ] [2023-01-17 22:35:12,881] HVWC6G
[INFO ] [2023-01-17 22:37:20,074] KWTQDV
[INFO ] [2023-01-17 22:38:09,592] YWRAXC
[INFO ] [2023-01-17 22:39:22,447] ZSS3F6
[INFO ] [2023-01-17 22:41:04,324] E3VNX8
[INFO ] [2023-01-17 22:41:43,107] TQMJED
[INFO ] [2023-01-17 22:42:12,128] PXUXNT
[INFO ] [2023-01-17 22:42:26,713] Y3HPUK
[INFO ] [2023-01-17 22:43:16,792] B9KJKJ
[INFO ] [2023-01-17 22:47:30,930] H3RXFE
[INFO ] [2023-01-17 22:48:13,495] GZ3Y8N
[INFO ] [2023-01-17 22:49:11,437] NCZJMQ
[INFO ] [2023-01-17 22:49:11,976] MN2ZCX
[INFO ] [2023-01-17 22:50:34,379] JVYN9P
[INFO ] [2023-01-17 22:53:20,386] VUC8XV
[INFO ] [2023-01-17 22:54:22,312] ZGX7SW
[INFO ] [2023-01-17 22:55:04,394] RDT5RB
[INFO ] [2023-01-17 22:56:34,314] Z7VBUJ
[INFO ] [2023-01-17 22:57:23,037] A76P3H
[INFO ] [2023-01-17 22:57:49,248] 4E98ZS
[INFO ] [2023-01-17 23:00:21,143] T4GSNG
[INFO ] [2023-01-17 23:00:21,289] RD8JPC
[INFO ] [2023-01-17 23:01:29,063] WKS5GZ
[INFO ] [2023-01-17 23:02:31,131] 75BEHA
[INFO ] [2023-01-17 23:04:17,608] ZTWGTS
[INFO ] [2023-01-17 23:05:17,585] PWCDT4
[INFO ] [2023-01-17 23:05:26,526] 7WRFPU
[INFO ] [2023-01-17 23:06:28,564] ENZ232
[INFO ] [2023-01-17 23:07:32,694] PNYC6Z
[INFO ] [2023-01-17 23:07:40,057] 2UHVE2
[INFO ] [2023-01-17 23:08:28,262] 8CWQXH
[INFO ] [2023-01-17 23:08:29,346] 8QY5WK
[INFO ] [2023-01-17 23:11:28,027] VSW8UT
[INFO ] [2023-01-17 23:12:23,606] 5NQ4AY
[INFO ] [2023-01-17 23:13:06,917] EYK5YQ
[INFO ] [2023-01-17 23:14:19,801] TBJ72U
[INFO ] [2023-01-17 23:17:06,173] YFVU9K
[INFO ] [2023-01-17 23:18:13,822] H4V3P8
[INFO ] [2023-01-17 23:19:07,690] 7UH6DY
[INFO ] [2023-01-17 23:19:21,936] B4F5QP
[INFO ] [2023-01-17 23:20:11,550] G9QT3Z
[INFO ] [2023-01-17 23:22:58,087] V2U773
[INFO ] [2023-01-17 23:24:01,163] 4PJRZU
[INFO ] [2023-01-17 23:25:09,106] BUWCX5
[INFO ] [2023-01-17 23:25:27,766] V7UCH2
[INFO ] [2023-01-17 23:26:21,732] NDZ8UE
[INFO ] [2023-01-17 23:26:33,123] PQ9CCM
[INFO ] [2023-01-17 23:27:05,984] BTSR9G
[INFO ] [2023-01-17 23:29:36,711] HHXMBK
[INFO ] [2023-01-17 23:29:37,195] TWTS8M
[INFO ] [2023-01-17 23:30:20,715] BHSUWB
[INFO ] [2023-01-17 23:30:21,704] 78EKWE
[INFO ] [2023-01-17 23:31:38,524] UDUZUS
[INFO ] [2023-01-17 23:32:19,099] TWSJQV
[INFO ] [2023-01-17 23:33:32,291] 44VSSA
[INFO ] [2023-01-17 23:34:22,852] U77P4C
[INFO ] [2023-01-17 23:34:49,838] U8NYJU
[INFO ] [2023-01-17 23:37:19,755] G96EC5
[INFO ] [2023-01-17 23:39:37,326] GPJZAJ
[INFO ] [2023-01-17 23:40:23,735] RWK3MP
[INFO ] [2023-01-17 23:40:38,047] HAJXWP
[INFO ] [2023-01-17 23:41:23,031] HUXZN6
[INFO ] [2023-01-17 23:41:28,593] A7TC4N
[INFO ] [2023-01-17 23:42:32,202] TSPTYZ
[INFO ] [2023-01-17 23:44:00,293] BRDZBJ
[INFO ] [2023-01-17 23:47:38,005] PA22VU
[INFO ] [2023-01-17 23:48:18,677] H9YX9P
[INFO ] [2023-01-17 23:51:12,548] 4NTAXS
[INFO ] [2023-01-17 23:51:59,748] 8TJSW2
[INFO ] [2023-01-17 23:52:59,691] P9YEGX
[INFO ] [2023-01-17 23:57:32,360] WJCBEP
[INFO ] [2023-01-17 23:58:11,637] R7ZHE2
[INFO ] [2023-01-17 23:58:59,330] U53RME
[INFO ] [2023-01-17 23:59:11,996] 5XFSMS
[INFO ] [2023-01-18 00:00:13,292] BSFHU5
[INFO ] [2023-01-18 00:01:27,314] YXRFAY
[INFO ] [2023-01-18 00:02:18,771] YKGWBC
[INFO ] [2023-01-18 00:03:12,095] YECA4C
[INFO ] [2023-01-18 00:03:19,618] PYYEHS
[INFO ] [2023-01-18 00:04:12,045] DKX8PK
[INFO ] [2023-01-18 00:05:14,692] PGRS5F
[INFO ] [2023-01-18 00:07:22,470] YH4ESB
[INFO ] [2023-01-18 00:08:27,339] EKGS7M
[INFO ] [2023-01-18 00:09:27,443] 76HYQG
[INFO ] [2023-01-18 00:09:28,709] 3JXB4U
[INFO ] [2023-01-18 00:10:20,977] U36EDB
[INFO ] [2023-01-18 00:10:22,017] P25PWN
[INFO ] [2023-01-18 00:13:12,515] FXCC5K
[INFO ] [2023-01-18 00:15:52,303] 45QYQ9
[INFO ] [2023-01-18 00:18:15,817] 8NSNXD
[INFO ] [2023-01-18 00:18:34,098] UAXNXB
[INFO ] [2023-01-18 00:19:21,070] NBMBC5
[INFO ] [2023-01-18 00:19:21,378] 7JFVKR
[INFO ] [2023-01-18 00:20:31,169] 3K3R94
[INFO ] [2023-01-18 00:21:34,581] P5A33M
[INFO ] [2023-01-18 00:21:46,436] ETSUD4
[INFO ] [2023-01-18 00:23:24,281] 2R5CED
[INFO ] [2023-01-18 00:24:31,992] 3DJHUH
[INFO ] [2023-01-18 00:25:20,352] 54WEDS
[INFO ] [2023-01-18 00:25:21,939] G57T7J
[INFO ] [2023-01-18 00:27:57,366] SGQ4QK
[INFO ] [2023-01-18 00:28:37,405] Q8TA2D
[INFO ] [2023-01-18 00:29:35,552] A3RTBV
[INFO ] [2023-01-18 00:31:06,768] BA3W4C
[INFO ] [2023-01-18 00:31:29,842] FBUV8E
[INFO ] [2023-01-18 00:32:11,871] C7PQCE
[INFO ] [2023-01-18 00:33:08,851] DC2GHD
[INFO ] [2023-01-18 00:33:20,918] XBNEUE
[INFO ] [2023-01-18 00:38:30,108] MDH7JG
[INFO ] [2023-01-18 00:38:52,540] M83RR3
[INFO ] [2023-01-18 00:39:28,912] Q3C4JP
[INFO ] [2023-01-18 00:41:35,275] 5QD4D9
[INFO ] [2023-01-18 00:42:29,138] 5XHKEY
[INFO ] [2023-01-18 00:42:40,798] 63AEXF
[INFO ] [2023-01-18 00:43:27,044] XH8U7D
[INFO ] [2023-01-18 00:43:30,637] AKCSR2
[INFO ] [2023-01-18 00:44:27,311] ZAB3XQ
[INFO ] [2023-01-18 00:44:29,891] 2PXVTX
[INFO ] [2023-01-18 00:45:13,910] X9RWYY
[INFO ] [2023-01-18 00:45:13,970] TYN7XH
[INFO ] [2023-01-18 00:47:47,692] QGSVJZ
[INFO ] [2023-01-18 00:49:05,661] VEPGGE
[INFO ] [2023-01-18 00:49:24,405] WSTTXW
[INFO ] [2023-01-18 00:49:49,894] DFDJR8
[INFO ] [2023-01-18 00:50:26,723] 334SBE
[INFO ] [2023-01-18 00:50:31,147] RUU5TY
[INFO ] [2023-01-18 00:52:30,186] 642UUH
[INFO ] [2023-01-18 00:53:19,130] XEMAHB
[INFO ] [2023-01-18 00:53:27,303] RJK7H6
[INFO ] [2023-01-18 00:54:11,711] P5XNFF
[INFO ] [2023-01-18 00:54:24,195] H67CCG
[INFO ] [2023-01-18 00:56:49,240] 2SKSUQ
[INFO ] [2023-01-18 00:56:57,839] EQAX94
[INFO ] [2023-01-18 00:59:01,468] QRNT6M
[INFO ] [2023-01-18 01:02:22,913] W2HD48
[INFO ] [2023-01-18 01:03:07,779] ZGGFGJ
[INFO ] [2023-01-18 01:03:57,343] 4YGCUB
[INFO ] [2023-01-18 01:04:37,089] MA7AX2
[INFO ] [2023-01-18 01:05:37,607] VN7AM3
[INFO ] [2023-01-18 01:05:46,488] ME8566
[INFO ] [2023-01-18 01:07:58,938] CWMHP8
[INFO ] [2023-01-18 01:08:09,287] W5C4FY
[INFO ] [2023-01-18 01:10:13,441] DUW63Z
[INFO ] [2023-01-18 01:11:36,340] KNBSK9
[INFO ] [2023-01-18 01:17:03,469] FWNWWR
[INFO ] [2023-01-18 01:17:29,588] JK9ASB
[INFO ] [2023-01-18 01:17:44,680] YSB5ZX
[INFO ] [2023-01-18 01:19:16,045] SUG44Y
[INFO ] [2023-01-18 01:21:32,300] 9H65NN
[INFO ] [2023-01-18 01:22:28,763] AQXG2Y
[INFO ] [2023-01-18 01:22:48,622] STV237
[INFO ] [2023-01-18 01:23:19,393] Q29P58
[INFO ] [2023-01-18 01:25:31,389] 4YMMH9
[INFO ] [2023-01-18 01:28:50,477] 8SBY2U
[INFO ] [2023-01-18 01:29:27,260] KT54JC
[INFO ] [2023-01-18 01:30:26,647] UAJFVH
[INFO ] [2023-01-18 01:31:25,999] VKTVKT
[INFO ] [2023-01-18 01:31:36,272] 9RJTYS
[INFO ] [2023-01-18 01:32:24,598] U2K6SW
[INFO ] [2023-01-18 01:33:26,758] 4DY75X
[INFO ] [2023-01-18 01:33:38,973] PKNKFY
[INFO ] [2023-01-18 01:34:22,253] C4JU99
[INFO ] [2023-01-18 01:36:38,466] 57WW95
[INFO ] [2023-01-18 01:37:29,149] 349VV4
[INFO ] [2023-01-18 01:37:37,436] 36HHG9
[INFO ] [2023-01-18 01:38:25,963] VRNT8Y
[INFO ] [2023-01-18 01:39:12,944] RQGJCW
[INFO ] [2023-01-18 01:41:58,809] VNESWR
[INFO ] [2023-01-18 01:42:42,743] 8WE4U4
[INFO ] [2023-01-18 01:43:01,393] QKW96T
[INFO ] [2023-01-18 01:43:28,295] REKZTF
[INFO ] [2023-01-18 01:44:26,419] ARRU9W
[INFO ] [2023-01-18 01:44:34,195] 5DS4YS
[INFO ] [2023-01-18 01:45:21,903] YUREGX
[INFO ] [2023-01-18 01:47:39,860] XRW3HG
[INFO ] [2023-01-18 01:48:02,021] 8YQTSJ
[INFO ] [2023-01-18 01:49:37,887] UGD2EF
[INFO ] [2023-01-18 01:53:22,198] AQ5CE5
[INFO ] [2023-01-18 01:53:25,617] PBM9WK
[INFO ] [2023-01-18 01:54:33,144] RMPTU2
[INFO ] [2023-01-18 01:55:26,860] UQYZ94
[INFO ] [2023-01-18 01:55:28,308] YX8YYT
[INFO ] [2023-01-18 01:59:14,494] 87K3VE
[INFO ] [2023-01-18 01:59:16,564] F2RBBY
[INFO ] [2023-01-18 02:00:13,538] UFF88W
[INFO ] [2023-01-18 02:01:44,300] KKE86B
[INFO ] [2023-01-18 02:02:35,044] A8SY4W
[INFO ] [2023-01-18 02:03:20,830] DX5TTR
[INFO ] [2023-01-18 02:04:18,914] 8K4D62
[INFO ] [2023-01-18 02:05:23,247] RHH7NV
[INFO ] [2023-01-18 02:06:27,997] Q467T4
[INFO ] [2023-01-18 02:07:04,531] X3M72B
[INFO ] [2023-01-18 02:07:18,291] 7TFBPF
[INFO ] [2023-01-18 02:08:25,895] HEQ4HK
[INFO ] [2023-01-18 02:08:31,009] 9QF5KE
[INFO ] [2023-01-18 02:09:21,436] J5YP9H
[INFO ] [2023-01-18 02:11:55,159] 4MUMBB
[INFO ] [2023-01-18 02:12:31,930] UE2KBY
[INFO ] [2023-01-18 02:12:34,492] QUQ49Z
[INFO ] [2023-01-18 02:13:46,783] ECNJ6V
[INFO ] [2023-01-18 02:14:56,431] Y2NBRK
[INFO ] [2023-01-18 02:15:14,411] GRDHT4
[INFO ] [2023-01-18 02:16:15,765] WHTHSX
[INFO ] [2023-01-18 02:17:14,196] QNCGP5
[INFO ] [2023-01-18 02:17:15,572] BT97C4
[INFO ] [2023-01-18 02:18:10,673] ZK5SK3
[INFO ] [2023-01-18 02:18:13,798] FYY8FQ
[INFO ] [2023-01-18 02:19:00,405] TPYJ3R
[INFO ] [2023-01-18 02:19:25,249] BMMYAY
[INFO ] [2023-01-18 02:19:38,857] MGUW5U
[INFO ] [2023-01-18 02:20:36,483] AG2M9G
[INFO ] [2023-01-18 02:21:40,412] U75JRZ
[INFO ] [2023-01-18 02:22:33,472] 7HBCJX
[INFO ] [2023-01-18 02:22:33,692] HQ39UM
[INFO ] [2023-01-18 02:23:14,349] XA6VQS
[INFO ] [2023-01-18 02:23:17,051] 9MYAHQ
[INFO ] [2023-01-18 02:24:36,082] PES8GK
[INFO ] [2023-01-18 02:24:36,098] UZFKMZ
[INFO ] [2023-01-18 02:25:22,213] K23K2C
[INFO ] [2023-01-18 02:26:40,970] MPPT48
[INFO ] [2023-01-18 02:27:21,402] V3REKE
[INFO ] [2023-01-18 02:28:16,441] ZA9CDA
[INFO ] [2023-01-18 02:28:24,070] HCAE44
[INFO ] [2023-01-18 02:29:15,796] GTR3NE
[INFO ] [2023-01-18 02:29:15,899] HPUBNX
[INFO ] [2023-01-18 02:31:38,991] 7ACF5T
[INFO ] [2023-01-18 02:31:41,866] A5NHYG
[INFO ] [2023-01-18 02:32:21,793] MJAGXF
[INFO ] [2023-01-18 02:32:28,618] 4UD8HC
[INFO ] [2023-01-18 02:35:29,910] HCCQ47
[INFO ] [2023-01-18 02:36:28,544] 5TX8SV
[INFO ] [2023-01-18 02:36:31,072] A6Z7UZ
[INFO ] [2023-01-18 02:37:39,294] AF3772
[INFO ] [2023-01-18 02:37:39,306] YCEJC2
[INFO ] [2023-01-18 02:38:29,027] Q4XHKV
[INFO ] [2023-01-18 02:39:11,918] KMGFF3
[INFO ] [2023-01-18 02:40:11,796] 669AZA
[INFO ] [2023-01-18 02:42:35,915] 8ZYMF9
[INFO ] [2023-01-18 02:42:46,431] CHRWZF
[INFO ] [2023-01-18 02:43:14,879] WEEHU7
[INFO ] [2023-01-18 02:44:16,435] PG5NDN
[INFO ] [2023-01-18 02:45:22,474] 28U823
[INFO ] [2023-01-18 02:46:23,781] AXWXMS
[INFO ] [2023-01-18 02:46:24,744] FJGFNG
[INFO ] [2023-01-18 02:47:58,015] W4SEUN
[INFO ] [2023-01-18 02:49:15,795] NSJ35H
[INFO ] [2023-01-18 02:50:06,788] UYZY2Y
[INFO ] [2023-01-18 02:50:22,034] 8ZFV4G
[INFO ] [2023-01-18 02:51:22,704] VVHJM7
[INFO ] [2023-01-18 02:55:12,970] EB35C7
[INFO ] [2023-01-18 02:56:15,635] SZ64XB
[INFO ] [2023-01-18 02:57:13,214] G7KNGK
[INFO ] [2023-01-18 02:57:17,235] RD3UCM
[INFO ] [2023-01-18 02:58:19,849] V2R8VZ
[INFO ] [2023-01-18 02:58:25,006] JVNPKX
[INFO ] [2023-01-18 02:59:32,287] CPVSWF
[INFO ] [2023-01-18 02:59:34,860] MHADM5
[INFO ] [2023-01-18 03:00:37,013] R4BHHH
[INFO ] [2023-01-18 03:04:19,549] KQWW2W
[INFO ] [2023-01-18 03:04:20,974] 22QH55
[INFO ] [2023-01-18 03:05:53,013] SDFH6K
[INFO ] [2023-01-18 03:06:41,208] XBD5D3
[INFO ] [2023-01-18 03:07:25,585] KCK9JJ
[INFO ] [2023-01-18 03:08:33,812] QVBEP9
[INFO ] [2023-01-18 03:09:17,553] 6TJ8ST
[INFO ] [2023-01-18 03:10:29,290] SWM3SX
[INFO ] [2023-01-18 03:11:21,482] E2EAAR
[INFO ] [2023-01-18 03:11:48,488] RDQAX6
[INFO ] [2023-01-18 03:12:11,819] RBHMB3
[INFO ] [2023-01-18 03:13:06,536] JV8ZSE
[INFO ] [2023-01-18 03:13:11,024] BSEEZ6
[INFO ] [2023-01-18 03:14:12,649] ADKWXV
[INFO ] [2023-01-18 03:15:20,218] MPZYS2
[INFO ] [2023-01-18 03:16:33,525] 6724YT
[INFO ] [2023-01-18 03:17:14,103] JGSA8G
[INFO ] [2023-01-18 03:18:13,209] FK8ZHB
[INFO ] [2023-01-18 03:18:13,642] F6TUNH
[INFO ] [2023-01-18 03:20:38,695] 8XZ8QE
[INFO ] [2023-01-18 03:21:29,648] 8KB34B
[INFO ] [2023-01-18 03:21:52,937] VW57XT
[INFO ] [2023-01-18 03:22:19,362] PXFYS2
[INFO ] [2023-01-18 03:22:42,964] HH8E83
[INFO ] [2023-01-18 03:22:57,934] AWHGVK
[INFO ] [2023-01-18 03:23:40,883] B4MVMF
[INFO ] [2023-01-18 03:23:40,977] VAP8RQ
[INFO ] [2023-01-18 03:25:10,907] ZUXFYS
[INFO ] [2023-01-18 03:26:30,676] YDUYEV
[INFO ] [2023-01-18 03:27:24,242] 4KUUX5
[INFO ] [2023-01-18 03:27:56,378] HUA4GU
[INFO ] [2023-01-18 03:28:06,149] Q86MGA
[INFO ] [2023-01-18 03:28:55,914] HCNXM3
[INFO ] [2023-01-18 03:32:26,226] DR9RZK
[INFO ] [2023-01-18 03:32:42,958] XYFK33
[INFO ] [2023-01-18 03:33:27,634] CDYGD8
[INFO ] [2023-01-18 03:33:36,206] 69AGU8
[INFO ] [2023-01-18 03:34:52,984] 72BU6P
[INFO ] [2023-01-18 03:39:19,202] 3GNRRD
[INFO ] [2023-01-18 03:40:08,896] TMAN6N
[INFO ] [2023-01-18 03:43:19,218] SX4YYH
[INFO ] [2023-01-18 03:44:07,944] 2BAXG2
[INFO ] [2023-01-18 03:45:14,709] U9974H
[INFO ] [2023-01-18 03:45:27,576] 9CSUYK
[INFO ] [2023-01-18 03:46:21,422] CGB3QH
[INFO ] [2023-01-18 03:47:31,415] 3MBKBY
[INFO ] [2023-01-18 03:51:27,743] MUB8TD
[INFO ] [2023-01-18 03:51:29,459] 5GPECF
[INFO ] [2023-01-18 03:52:19,374] WGGDGU
[INFO ] [2023-01-18 03:52:26,499] AC87AU
[INFO ] [2023-01-18 03:53:07,885] CMW3ZR
[INFO ] [2023-01-18 03:53:29,282] BGXY36
[INFO ] [2023-01-18 03:57:29,535] RJU32K
[INFO ] [2023-01-18 03:58:14,212] FEHC66
[INFO ] [2023-01-18 03:58:30,010] 3AH3FG
[INFO ] [2023-01-18 04:02:29,400] XJ4RGM
[INFO ] [2023-01-18 04:03:20,223] NT99PP
[INFO ] [2023-01-18 04:03:33,978] BV9TM8
[INFO ] [2023-01-18 04:04:12,082] MJCQKT
[INFO ] [2023-01-18 04:04:20,919] 6T8SKX
[INFO ] [2023-01-18 04:06:37,760] DC8K58
[INFO ] [2023-01-18 04:07:00,539] 5Z2F3Y
[INFO ] [2023-01-18 04:07:27,642] 7QK34D
[INFO ] [2023-01-18 04:08:18,780] 9VN9SV
[INFO ] [2023-01-18 04:08:19,495] YR75RM
[INFO ] [2023-01-18 04:09:06,696] WCBNZZ
[INFO ] [2023-01-18 04:09:15,980] ZCEW39
[INFO ] [2023-01-18 04:10:23,244] 56NWNH
[INFO ] [2023-01-18 04:16:41,019] 9N5B4U
[INFO ] [2023-01-18 04:17:34,053] 7JQ5CF
[INFO ] [2023-01-18 04:17:36,785] PWWTCY
[INFO ] [2023-01-18 04:18:24,968] PSMN7K
[INFO ] [2023-01-18 04:18:27,363] DQC9AR
[INFO ] [2023-01-18 04:19:13,129] 6E2Y2Y
[INFO ] [2023-01-18 04:21:25,147] H9Y4B3
[INFO ] [2023-01-18 04:21:56,386] RMEEFG
[INFO ] [2023-01-18 04:22:23,072] ZT5JGT
[INFO ] [2023-01-18 04:24:30,183] URH8JY
[INFO ] [2023-01-18 04:24:57,113] N97EZJ
[INFO ] [2023-01-18 04:25:25,843] UFMPHY
[INFO ] [2023-01-18 04:25:49,213] JBEYRX
[INFO ] [2023-01-18 04:26:08,565] BKCG6H
[INFO ] [2023-01-18 04:27:04,265] A3ZSZ4
[INFO ] [2023-01-18 04:27:10,545] AX6HYP
[INFO ] [2023-01-18 04:28:10,200] H8SMSV
[INFO ] [2023-01-18 04:29:15,696] A58TKP
[INFO ] [2023-01-18 04:30:26,095] 3RAK9U
[INFO ] [2023-01-18 04:30:34,597] PFJK59
[INFO ] [2023-01-18 04:31:11,374] ANW3HV
[INFO ] [2023-01-18 04:31:32,922] 6MZ7RQ
[INFO ] [2023-01-18 04:31:48,924] Z63EDK
[INFO ] [2023-01-18 04:32:24,189] CUP66T
[INFO ] [2023-01-18 04:33:06,239] 4H2TYA
[INFO ] [2023-01-18 04:35:12,424] P67SBU
[INFO ] [2023-01-18 04:36:08,048] VM5N2S
[INFO ] [2023-01-18 04:37:02,950] 47F6CR
[INFO ] [2023-01-18 04:38:13,887] AZUANH
[INFO ] [2023-01-18 04:39:40,430] 3QPXC9
[INFO ] [2023-01-18 04:46:34,568] BW7T7Q
[INFO ] [2023-01-18 04:46:35,156] XMQS6N
[INFO ] [2023-01-18 04:47:18,620] NHAU7Z
[INFO ] [2023-01-18 04:48:02,507] V7DXH8
[INFO ] [2023-01-18 04:49:03,561] 9W827C
[INFO ] [2023-01-18 04:50:19,507] UNE5MF
[INFO ] [2023-01-18 04:51:19,358] VZB4XB
[INFO ] [2023-01-18 04:52:33,726] 725B5B
[INFO ] [2023-01-18 04:53:35,042] 3G35VB
[INFO ] [2023-01-18 04:53:36,007] HQPDRS
[INFO ] [2023-01-18 04:54:20,481] D92ESU
[INFO ] [2023-01-18 04:57:14,531] YBA8TV
[INFO ] [2023-01-18 04:57:59,299] QAJDUA
[INFO ] [2023-01-18 04:59:13,757] MWSGHU
[INFO ] [2023-01-18 04:59:26,114] JHKS6W
[INFO ] [2023-01-18 05:03:30,454] E67C29
[INFO ] [2023-01-18 05:03:33,108] 7FP8ZS
[INFO ] [2023-01-18 05:04:23,861] 4Z4WTW
[INFO ] [2023-01-18 05:04:25,952] YZA9B7
[INFO ] [2023-01-18 05:05:50,479] DW8ECM
[INFO ] [2023-01-18 05:06:28,647] D8N9GS
[INFO ] [2023-01-18 05:08:57,011] H5WNN6
[INFO ] [2023-01-18 05:09:21,251] HKRW7X
[INFO ] [2023-01-18 05:09:53,589] S9UY9Q
[INFO ] [2023-01-18 05:10:07,615] BUA3M2
[INFO ] [2023-01-18 05:10:33,746] MQ2J4C
[INFO ] [2023-01-18 05:14:10,777] ZQ934T
[INFO ] [2023-01-18 05:15:21,245] CFCS5A
[INFO ] [2023-01-18 05:16:32,002] PFVGDM
[INFO ] [2023-01-18 05:16:35,602] 5DRWBA
[INFO ] [2023-01-18 05:17:43,670] EY24R7
[INFO ] [2023-01-18 05:17:46,683] Y8R9CZ
[INFO ] [2023-01-18 05:19:32,124] EPTAR3
[INFO ] [2023-01-18 05:20:06,742] ZMVY34
[INFO ] [2023-01-18 05:20:58,475] HGCN7S
[INFO ] [2023-01-18 05:21:24,522] V74GU7
[INFO ] [2023-01-18 05:22:31,241] 8RNJHQ
[INFO ] [2023-01-18 05:23:16,509] XAUZGH
[INFO ] [2023-01-18 05:23:19,378] DVWQJ7
[INFO ] [2023-01-18 05:24:09,262] JM7ZU9
[INFO ] [2023-01-18 05:26:07,010] 2QAT2F
[INFO ] [2023-01-18 05:26:47,457] 5E42SJ
[INFO ] [2023-01-18 05:27:31,302] QEC947
[INFO ] [2023-01-18 05:28:00,188] UP24EK
[INFO ] [2023-01-18 05:28:30,805] KXNAGN
[INFO ] [2023-01-18 05:28:55,326] AYEQP4
[INFO ] [2023-01-18 05:29:55,836] BMF3RY
[INFO ] [2023-01-18 05:31:08,914] 6P3JJ2
[INFO ] [2023-01-18 05:32:11,780] EWTBYM
[INFO ] [2023-01-18 05:32:51,608] PKV2DY
[INFO ] [2023-01-18 05:33:29,776] EGN7KZ
[INFO ] [2023-01-18 05:33:38,001] FDKKF5
[INFO ] [2023-01-18 05:34:17,884] ERADEG
[INFO ] [2023-01-18 05:34:31,933] AU2AJ4
[INFO ] [2023-01-18 05:36:29,933] WZRYHM
[INFO ] [2023-01-18 05:36:36,420] GWU6MH
[INFO ] [2023-01-18 05:37:09,258] HZD3QS
[INFO ] [2023-01-18 05:37:22,385] YN49S4
[INFO ] [2023-01-18 05:38:13,351] ETENGQ
[INFO ] [2023-01-18 05:38:14,758] 7253QN
[INFO ] [2023-01-18 05:40:21,730] 7KX3FS
[INFO ] [2023-01-18 05:40:21,733] KJC8B5
[INFO ] [2023-01-18 05:42:27,070] FYK5SC
[INFO ] [2023-01-18 05:42:37,563] CMC6HA
[INFO ] [2023-01-18 05:43:10,819] NAMED6
[INFO ] [2023-01-18 05:44:36,910] AAMKSX
[INFO ] [2023-01-18 05:46:42,827] JR8SKH
[INFO ] [2023-01-18 05:47:15,694] P4QFJ2
[INFO ] [2023-01-18 05:47:42,189] CHEJX6
[INFO ] [2023-01-18 05:47:54,330] Q3RKW4
[INFO ] [2023-01-18 05:48:48,513] 7AB843
[INFO ] [2023-01-18 05:51:24,423] 5PDJNH
[INFO ] [2023-01-18 05:53:59,541] XBWMQV
[INFO ] [2023-01-18 05:54:12,270] AGFMXH
[INFO ] [2023-01-18 05:55:04,547] 5SUSX2
[INFO ] [2023-01-18 05:55:49,355] GG9BTQ
[INFO ] [2023-01-18 05:56:52,625] SSAZEY
[INFO ] [2023-01-18 05:57:31,034] 5NKA8S
[INFO ] [2023-01-18 05:57:58,625] 3GDTAC
[INFO ] [2023-01-18 06:00:31,306] YRSKZU
[INFO ] [2023-01-18 06:02:14,764] 44K567
[INFO ] [2023-01-18 06:02:15,443] CN5W36
[INFO ] [2023-01-18 06:03:04,554] HBWPQM
[INFO ] [2023-01-18 06:03:18,329] ZB55T7
[INFO ] [2023-01-18 06:05:22,698] NWUR5F
[INFO ] [2023-01-18 06:05:57,832] ANKV5V
[INFO ] [2023-01-18 06:06:19,032] Y7FG42
[INFO ] [2023-01-18 06:06:49,524] BADB4C
[INFO ] [2023-01-18 06:07:36,379] QSCR72
[INFO ] [2023-01-18 06:08:27,110] YQSU3Q
[INFO ] [2023-01-18 06:08:42,979] Z4HYFG
[INFO ] [2023-01-18 06:10:08,919] FMG6EX
[INFO ] [2023-01-18 06:11:21,573] 84Q4KY
[INFO ] [2023-01-18 06:12:32,236] BF2YFD
[INFO ] [2023-01-18 06:13:22,277] JZRRUP
[INFO ] [2023-01-18 06:13:26,488] YQ2D5E
[INFO ] [2023-01-18 06:14:29,278] 9NJTRB
[INFO ] [2023-01-18 06:16:34,556] 2PJ7KR
[INFO ] [2023-01-18 06:17:15,552] SXFQUT
[INFO ] [2023-01-18 06:18:10,717] HK8MSY
[INFO ] [2023-01-18 06:19:04,633] 6EPJHB
[INFO ] [2023-01-18 06:19:52,319] ZJ7BW3
[INFO ] [2023-01-18 06:20:18,156] B8JSX2
[INFO ] [2023-01-18 06:20:29,394] GF5SFC
[INFO ] [2023-01-18 06:22:58,292] D49U37
[INFO ] [2023-01-18 06:23:29,432] 4DV8P7
[INFO ] [2023-01-18 06:23:59,158] ZPT3GF
[INFO ] [2023-01-18 06:24:59,639] F6AB7E
[INFO ] [2023-01-18 06:26:02,932] 5KFFZ2
[INFO ] [2023-01-18 06:27:02,357] 9W95DR
[INFO ] [2023-01-18 06:28:14,604] D763V9
[INFO ] [2023-01-18 06:29:21,186] S7H8MQ
[INFO ] [2023-01-18 06:30:02,700] MUP22N
[INFO ] [2023-01-18 06:30:12,423] 7JR9AV
[INFO ] [2023-01-18 06:31:08,001] 7BP827
[INFO ] [2023-01-18 06:32:02,237] P2KBDE
[INFO ] [2023-01-18 06:33:12,624] ZP3PUM
[INFO ] [2023-01-18 06:34:19,224] ESNGEC
[INFO ] [2023-01-18 06:36:40,722] NT57KP
[INFO ] [2023-01-18 06:36:59,439] RCYN5Y
[INFO ] [2023-01-18 06:37:20,691] 87U5C8
[INFO ] [2023-01-18 06:38:08,302] MC87PH
[INFO ] [2023-01-18 06:39:21,798] XJRZVD
[INFO ] [2023-01-18 06:40:28,820] CPDN6C
[INFO ] [2023-01-18 06:40:39,447] PX6HDM
[INFO ] [2023-01-18 06:41:16,372] KQZQQF
[INFO ] [2023-01-18 06:41:26,620] HTAC9U
[INFO ] [2023-01-18 06:42:23,873] M3SPYD
[INFO ] [2023-01-18 06:44:08,185] J6RGB8
[INFO ] [2023-01-18 06:44:21,712] XNZ8XE
[INFO ] [2023-01-18 06:47:11,111] D4YDMT
[INFO ] [2023-01-18 06:48:20,899] A4M3FC
[INFO ] [2023-01-18 06:50:23,916] CRXDAT
[INFO ] [2023-01-18 06:51:42,545] AB3GP9
[INFO ] [2023-01-18 06:52:33,492] YHPF2F
[INFO ] [2023-01-18 06:52:40,617] W6964H
[INFO ] [2023-01-18 06:53:34,824] P944ZE
[INFO ] [2023-01-18 06:53:55,011] SUZHZ4
[INFO ] [2023-01-18 06:54:21,140] PWRSJP
[INFO ] [2023-01-18 06:56:28,685] QG5Q4Q
[INFO ] [2023-01-18 06:56:59,033] M8W7R5
[INFO ] [2023-01-18 06:57:11,817] UAUYD6
[INFO ] [2023-01-18 06:57:52,892] 86QCVQ
[INFO ] [2023-01-18 06:58:14,726] QRCYGW
[INFO ] [2023-01-18 06:59:06,017] DNMTF5
[INFO ] [2023-01-18 07:01:27,159] T8GXCK
[INFO ] [2023-01-18 07:02:00,011] 4YTW5H
[INFO ] [2023-01-18 07:02:10,099] 9BMY48
[INFO ] [2023-01-18 07:04:25,871] HMG59M
[INFO ] [2023-01-18 07:04:28,715] C6KBSM
[INFO ] [2023-01-18 07:05:14,306] 745XSV
[INFO ] [2023-01-18 07:05:23,855] W3XNFM
[INFO ] [2023-01-18 07:06:29,452] 29JKCD
[INFO ] [2023-01-18 07:06:31,963] RPK8T6
[INFO ] [2023-01-18 07:07:25,777] DT3MEE
[INFO ] [2023-01-18 07:07:26,288] VFEQWT
[INFO ] [2023-01-18 07:08:48,231] MS486H
[INFO ] [2023-01-18 07:09:33,363] PUGST7
[INFO ] [2023-01-18 07:10:15,541] C6EC29
[INFO ] [2023-01-18 07:13:25,935] 6QAGFM
[INFO ] [2023-01-18 07:14:22,875] U7W5CA
[INFO ] [2023-01-18 07:15:32,204] P92UY6
[INFO ] [2023-01-18 07:18:30,319] TDCE5F
[INFO ] [2023-01-18 07:19:14,652] P57FEJ
[INFO ] [2023-01-18 07:19:49,154] JNFZDA
[INFO ] [2023-01-18 07:20:14,010] ZKYH7U
[INFO ] [2023-01-18 07:20:27,096] YK7A88
[INFO ] [2023-01-18 07:21:55,206] JB5ZVM
[INFO ] [2023-01-18 07:22:56,945] EAXCGU
[INFO ] [2023-01-18 07:25:12,643] W2WM2D
[INFO ] [2023-01-18 07:25:13,478] JRN5KV
[INFO ] [2023-01-18 07:27:28,274] 85X69E
[INFO ] [2023-01-18 07:27:28,830] TXRKC4
[INFO ] [2023-01-18 07:28:29,296] 46PJHT
[INFO ] [2023-01-18 07:29:23,415] FD2WZN
[INFO ] [2023-01-18 07:31:20,140] 4ZS6DF
[INFO ] [2023-01-18 07:33:16,678] QUMN9C
[INFO ] [2023-01-18 07:35:19,281] JNPHR7
[INFO ] [2023-01-18 07:35:20,651] NQUX7M
[INFO ] [2023-01-18 07:37:47,979] 5HC627
[INFO ] [2023-01-18 07:37:53,295] 39XWNX
[INFO ] [2023-01-18 07:41:36,473] EQHV3F
[INFO ] [2023-01-18 07:42:17,025] M6YS6Y
[INFO ] [2023-01-18 07:42:31,197] HKZZ9F
[INFO ] [2023-01-18 07:43:23,748] NDZF4M
[INFO ] [2023-01-18 07:43:36,827] DYZY4F
[INFO ] [2023-01-18 07:44:29,318] BJCK3N
[INFO ] [2023-01-18 07:44:34,439] 5JH326
[INFO ] [2023-01-18 07:46:50,309] BKHJG2
[INFO ] [2023-01-18 07:47:28,606] M8BQTZ
[INFO ] [2023-01-18 07:48:25,711] N6CYKR
[INFO ] [2023-01-18 07:50:01,141] NRV2T8
[INFO ] [2023-01-18 07:52:24,078] 3DJFCD
[INFO ] [2023-01-18 07:52:28,472] Z6J5V5
[INFO ] [2023-01-18 07:53:31,911] A8Z6NY
[INFO ] [2023-01-18 07:54:31,575] GNKKXE
[INFO ] [2023-01-18 07:54:47,566] ZEJ3XQ
[INFO ] [2023-01-18 07:57:39,554] C35GTK
[INFO ] [2023-01-18 07:58:29,697] QPBVUG
[INFO ] [2023-01-18 07:59:07,593] SVGN5U
[INFO ] [2023-01-18 08:01:05,096] K6KQZR
[INFO ] [2023-01-18 08:01:27,714] FAZXWZ
[INFO ] [2023-01-18 08:01:55,988] AG9GKH
[INFO ] [2023-01-18 08:04:05,247] 4EPGVZ
[INFO ] [2023-01-18 08:04:17,259] HXPURC
[INFO ] [2023-01-18 08:05:13,430] Y63DXK
[INFO ] [2023-01-18 08:06:22,294] VJXM35
[INFO ] [2023-01-18 08:07:30,948] DRHBX3
[INFO ] [2023-01-18 08:07:45,997] 7MZK3V
[INFO ] [2023-01-18 08:08:10,797] WR4HPH
[INFO ] [2023-01-18 08:09:14,586] 8SZQGV
[INFO ] [2023-01-18 08:10:22,322] UJRENY
[INFO ] [2023-01-18 08:11:27,587] WKQ3RW
[INFO ] [2023-01-18 08:12:23,144] 8EUAC4
[INFO ] [2023-01-18 08:12:54,287] 32HYGE
[INFO ] [2023-01-18 08:13:02,601] WDSQU2
[INFO ] [2023-01-18 08:17:09,585] U9TVM9
[INFO ] [2023-01-18 08:18:11,937] RCBJ39
[INFO ] [2023-01-18 08:19:20,263] RQ686P
[INFO ] [2023-01-18 08:23:27,575] VYUP97
[INFO ] [2023-01-18 08:23:27,968] 3Q2SXF
[INFO ] [2023-01-18 08:24:09,662] TQRDBB
[INFO ] [2023-01-18 08:24:14,001] 5CM2ZH
[INFO ] [2023-01-18 08:28:16,530] NVQF2J
[INFO ] [2023-01-18 08:28:17,823] 32D5Y9
[INFO ] [2023-01-18 08:29:17,609] 6PSQ5J
[INFO ] [2023-01-18 08:30:50,701] TC42C2
[INFO ] [2023-01-18 08:31:23,567] VKYXCR
[INFO ] [2023-01-18 08:31:33,782] MSMWKT
[INFO ] [2023-01-18 08:34:21,052] G2ZCVR
[INFO ] [2023-01-18 08:35:21,691] ZWS2FT
[INFO ] [2023-01-18 08:36:37,494] 794JHB
[INFO ] [2023-01-18 08:37:19,231] KWHB5N
[INFO ] [2023-01-18 08:38:12,267] J68GVF
[INFO ] [2023-01-18 08:38:16,338] J4N9KV
[INFO ] [2023-01-18 08:39:16,553] PFBH67
[INFO ] [2023-01-18 08:40:31,754] 3E8SFS
[INFO ] [2023-01-18 08:40:41,286] D7FCBD
[INFO ] [2023-01-18 08:41:27,753] QAS4P5
[INFO ] [2023-01-18 08:41:46,050] 8WAB8P
[INFO ] [2023-01-18 08:42:08,590] M2YNHR
[INFO ] [2023-01-18 08:43:10,855] RHG2YB
[INFO ] [2023-01-18 08:45:34,660] KHYGHK
[INFO ] [2023-01-18 08:46:18,666] UARWVD
[INFO ] [2023-01-18 08:47:06,468] TUEACK
[INFO ] [2023-01-18 08:47:49,505] 5XDNG9
[INFO ] [2023-01-18 08:48:29,709] QP5SXQ
[INFO ] [2023-01-18 08:49:12,251] EHN4RX
[INFO ] [2023-01-18 08:50:06,844] ZATUVZ
[INFO ] [2023-01-18 08:52:22,484] AQ3SUT
[INFO ] [2023-01-18 08:53:21,358] D9GVS5
[INFO ] [2023-01-18 08:54:00,960] NF8Z8W
[INFO ] [2023-01-18 08:54:26,131] 4ZMZV2
[INFO ] [2023-01-18 08:58:22,408] 5H3YWB
[INFO ] [2023-01-18 08:59:28,209] C7286C
[INFO ] [2023-01-18 09:00:14,883] 4DJGBC
[INFO ] [2023-01-18 09:01:40,289] SDY6PQ
[INFO ] [2023-01-18 09:04:25,572] 2YVABY
[INFO ] [2023-01-18 09:07:11,517] R2XJN3
[INFO ] [2023-01-18 09:08:14,655] G5UYVJ
[INFO ] [2023-01-18 09:08:28,004] A8VX56
[INFO ] [2023-01-18 09:09:09,532] 4823DT
[INFO ] [2023-01-18 09:09:11,437] 6B2JRE
[INFO ] [2023-01-18 09:10:06,705] REZVTC
[INFO ] [2023-01-18 09:10:09,668] Z8GZV3
[INFO ] [2023-01-18 09:11:36,409] 7F57JG
[INFO ] [2023-01-18 09:12:17,926] WFG7B6
[INFO ] [2023-01-18 09:12:58,630] KMBWZZ
[INFO ] [2023-01-18 09:17:07,537] M4NQS9
[INFO ] [2023-01-18 09:18:15,405] W9J8AQ
[INFO ] [2023-01-18 09:18:16,013] 5U3A7W
[INFO ] [2023-01-18 09:19:11,700] JVNKFE
[INFO ] [2023-01-18 09:19:39,727] 2KB4BR
[INFO ] [2023-01-18 09:20:21,026] 9MJ27G
[INFO ] [2023-01-18 09:21:23,494] 3RRJTM
[INFO ] [2023-01-18 09:21:32,461] 4PAQFF
[INFO ] [2023-01-18 09:22:18,814] D69YP8
[INFO ] [2023-01-18 09:22:28,358] QMSGJE
[INFO ] [2023-01-18 09:23:15,764] AN9AHP
[INFO ] [2023-01-18 09:23:16,966] WPH2PF
[INFO ] [2023-01-18 09:24:08,930] H7YJJE
[INFO ] [2023-01-18 09:25:38,528] 574TRH
[INFO ] [2023-01-18 09:26:31,422] BRRKZS
[INFO ] [2023-01-18 09:26:34,344] 6ARAEE
[INFO ] [2023-01-18 09:27:14,738] WQF5DD
[INFO ] [2023-01-18 09:27:17,307] KQRZ3N
[INFO ] [2023-01-18 09:28:04,744] Z5HR47
[INFO ] [2023-01-18 09:28:13,511] TXWKEK
[INFO ] [2023-01-18 09:28:54,377] HS2P6P
[INFO ] [2023-01-18 09:29:02,482] A2WRQ9
[INFO ] [2023-01-18 09:29:53,616] EPMT7Q
[INFO ] [2023-01-18 09:31:43,397] ND7A6G
[INFO ] [2023-01-18 09:32:35,799] Q5U4GP
[INFO ] [2023-01-18 09:33:23,893] 45Q9Z4
[INFO ] [2023-01-18 09:34:31,440] 7BA9AU
[INFO ] [2023-01-18 09:35:27,620] M6Z4Y3
[INFO ] [2023-01-18 09:36:31,537] BGTBKR
[INFO ] [2023-01-18 09:37:26,308] 35SFQ3
[INFO ] [2023-01-18 09:38:26,891] EWH8DK
[INFO ] [2023-01-18 09:38:27,266] B6TAAR
[INFO ] [2023-01-18 09:39:14,361] ZQ3ZPY
[INFO ] [2023-01-18 09:39:30,774] 66ZJKR
[INFO ] [2023-01-18 09:40:35,821] TS44ES
[INFO ] [2023-01-18 09:45:13,529] QWMF2B
[INFO ] [2023-01-18 09:45:14,903] 3GN38X
[INFO ] [2023-01-18 09:47:54,232] 4DX6ZP
[INFO ] [2023-01-18 09:48:44,492] 4GHTXA
[INFO ] [2023-01-18 09:49:27,796] 9GUUWN
[INFO ] [2023-01-18 09:49:34,557] DJM583
[INFO ] [2023-01-18 09:50:31,171] KXYQXN
